{"numFailedTestSuites":1,"numFailedTests":0,"numPassedTestSuites":30,"numPassedTests":236,"numPendingTestSuites":0,"numPendingTests":0,"numRuntimeErrorTestSuites":1,"numTodoTests":0,"numTotalTestSuites":31,"numTotalTests":236,"openHandles":[],"snapshot":{"added":0,"didUpdate":false,"failure":false,"filesAdded":0,"filesRemoved":0,"filesRemovedList":[],"filesUnmatched":0,"filesUpdated":0,"matched":0,"total":0,"unchecked":0,"uncheckedKeysByFile":[],"unmatched":0,"updated":0},"startTime":1755196291076,"success":false,"testResults":[{"assertionResults":[{"ancestorTitles":["DateRangePicker"],"duration":37,"failing":false,"failureDetails":[],"failureMessages":[],"fullName":"DateRangePicker renders the date range picker","invocations":1,"location":null,"numPassingAsserts":2,"retryReasons":[],"startAt":1755196294134,"status":"passed","title":"renders the date range picker"},{"ancestorTitles":["DateRangePicker"],"duration":4,"failing":false,"failureDetails":[],"failureMessages":[],"fullName":"DateRangePicker calls onChange when dates are selected","invocations":1,"location":null,"numPassingAsserts":3,"retryReasons":[],"startAt":1755196294172,"status":"passed","title":"calls onChange when dates are selected"},{"ancestorTitles":["DateRangePicker"],"duration":5,"failing":false,"failureDetails":[],"failureMessages":[],"fullName":"DateRangePicker respects minDate and maxDate props","invocations":1,"location":null,"numPassingAsserts":1,"retryReasons":[],"startAt":1755196294176,"status":"passed","title":"respects minDate and maxDate props"},{"ancestorTitles":["DateRangePicker"],"duration":3,"failing":false,"failureDetails":[],"failureMessages":[],"fullName":"DateRangePicker disables the picker when disabled prop is true","invocations":1,"location":null,"numPassingAsserts":1,"retryReasons":[],"startAt":1755196294181,"status":"passed","title":"disables the picker when disabled prop is true"},{"ancestorTitles":["DateRangePicker"],"duration":7,"failing":false,"failureDetails":[],"failureMessages":[],"fullName":"DateRangePicker shows the selected date range","invocations":1,"location":null,"numPassingAsserts":2,"retryReasons":[],"startAt":1755196294184,"status":"passed","title":"shows the selected date range"},{"ancestorTitles":["DateRangePicker"],"duration":6,"failing":false,"failureDetails":[],"failureMessages":[],"fullName":"DateRangePicker handles null dates in the value prop","invocations":1,"location":null,"numPassingAsserts":1,"retryReasons":[],"startAt":1755196294191,"status":"passed","title":"handles null dates in the value prop"}],"endTime":1755196294198,"message":"","name":"/Users/david/CascadeProjects/splitspace/src/__tests__/components/DateRangePicker.test.tsx","startTime":1755196292696,"status":"passed","summary":""},{"assertionResults":[{"ancestorTitles":["AuthContext"],"duration":26,"failing":false,"failureDetails":[],"failureMessages":[],"fullName":"AuthContext initializes with loading state","invocations":1,"location":null,"numPassingAsserts":2,"retryReasons":[],"startAt":1755196294751,"status":"passed","title":"initializes with loading state"},{"ancestorTitles":["AuthContext"],"duration":14,"failing":false,"failureDetails":[],"failureMessages":[],"fullName":"AuthContext handles sign in flow","invocations":1,"location":null,"numPassingAsserts":3,"retryReasons":[],"startAt":1755196294778,"status":"passed","title":"handles sign in flow"},{"ancestorTitles":["AuthContext"],"duration":19,"failing":false,"failureDetails":[],"failureMessages":[],"fullName":"AuthContext handles sign out","invocations":1,"location":null,"numPassingAsserts":4,"retryReasons":[],"startAt":1755196294792,"status":"passed","title":"handles sign out"}],"endTime":1755196294812,"message":"","name":"/Users/david/CascadeProjects/splitspace/src/__tests__/contexts/AuthContext.test.tsx","startTime":1755196294318,"status":"passed","summary":""},{"assertionResults":[{"ancestorTitles":["PaymentForm"],"duration":368,"failing":false,"failureDetails":[],"failureMessages":[],"fullName":"PaymentForm renders the payment form with booking details","invocations":1,"location":null,"numPassingAsserts":4,"retryReasons":[],"startAt":1755196294307,"status":"passed","title":"renders the payment form with booking details"},{"ancestorTitles":["PaymentForm"],"duration":6,"failing":false,"failureDetails":[],"failureMessages":[],"fullName":"PaymentForm displays the correct booking amount","invocations":1,"location":null,"numPassingAsserts":1,"retryReasons":[],"startAt":1755196294677,"status":"passed","title":"displays the correct booking amount"},{"ancestorTitles":["PaymentForm"],"duration":50,"failing":false,"failureDetails":[],"failureMessages":[],"fullName":"PaymentForm calls onSuccess on successful payment submission","invocations":1,"location":null,"numPassingAsserts":1,"retryReasons":[],"startAt":1755196294683,"status":"passed","title":"calls onSuccess on successful payment submission"},{"ancestorTitles":["PaymentForm"],"duration":45,"failing":false,"failureDetails":[],"failureMessages":[],"fullName":"PaymentForm handles Stripe confirm error by calling onError and showing generic message","invocations":1,"location":null,"numPassingAsserts":2,"retryReasons":[],"startAt":1755196294733,"status":"passed","title":"handles Stripe confirm error by calling onError and showing generic message"},{"ancestorTitles":["PaymentForm"],"duration":148,"failing":false,"failureDetails":[],"failureMessages":[],"fullName":"PaymentForm calls onError and displays error message on generic error","invocations":1,"location":null,"numPassingAsserts":2,"retryReasons":[],"startAt":1755196294778,"status":"passed","title":"calls onError and displays error message on generic error"},{"ancestorTitles":["PaymentForm"],"duration":40,"failing":false,"failureDetails":[],"failureMessages":[],"fullName":"PaymentForm disables Pay Now button and shows loading state during submission","invocations":1,"location":null,"numPassingAsserts":1,"retryReasons":[],"startAt":1755196294927,"status":"passed","title":"disables Pay Now button and shows loading state during submission"},{"ancestorTitles":["PaymentForm"],"duration":5,"failing":false,"failureDetails":[],"failureMessages":[],"fullName":"PaymentForm prevents submission if Stripe or Elements are not ready","invocations":1,"location":null,"numPassingAsserts":2,"retryReasons":[],"startAt":1755196294967,"status":"passed","title":"prevents submission if Stripe or Elements are not ready"},{"ancestorTitles":["PaymentForm"],"duration":15,"failing":false,"failureDetails":[],"failureMessages":[],"fullName":"PaymentForm prevents double submission while loading","invocations":1,"location":null,"numPassingAsserts":0,"retryReasons":[],"startAt":1755196294972,"status":"passed","title":"prevents double submission while loading"}],"endTime":1755196294988,"message":"","name":"/Users/david/CascadeProjects/splitspace/src/__tests__/components/payment/PaymentForm.test.tsx","startTime":1755196292690,"status":"passed","summary":""},{"assertionResults":[{"ancestorTitles":["ReviewManagement"],"duration":34,"failing":false,"failureDetails":[],"failureMessages":[],"fullName":"ReviewManagement should display loading spinner on initial render","invocations":1,"location":null,"numPassingAsserts":1,"retryReasons":[],"startAt":1755196294430,"status":"passed","title":"should display loading spinner on initial render"},{"ancestorTitles":["ReviewManagement"],"duration":119,"failing":false,"failureDetails":[],"failureMessages":[],"fullName":"ReviewManagement should handle errors gracefully without showing error messages to users","invocations":1,"location":null,"numPassingAsserts":4,"retryReasons":[],"startAt":1755196294464,"status":"passed","title":"should handle errors gracefully without showing error messages to users"},{"ancestorTitles":["ReviewManagement"],"duration":157,"failing":false,"failureDetails":[],"failureMessages":[],"fullName":"ReviewManagement should display reviews when data is loaded successfully","invocations":1,"location":null,"numPassingAsserts":4,"retryReasons":[],"startAt":1755196294583,"status":"passed","title":"should display reviews when data is loaded successfully"},{"ancestorTitles":["ReviewManagement"],"duration":21,"failing":false,"failureDetails":[],"failureMessages":[],"fullName":"ReviewManagement should display empty state when there are no reviews","invocations":1,"location":null,"numPassingAsserts":3,"retryReasons":[],"startAt":1755196294740,"status":"passed","title":"should display empty state when there are no reviews"},{"ancestorTitles":["ReviewManagement"],"duration":270,"failing":false,"failureDetails":[],"failureMessages":[],"fullName":"ReviewManagement should filter reviews when searching","invocations":1,"location":null,"numPassingAsserts":3,"retryReasons":[],"startAt":1755196294761,"status":"passed","title":"should filter reviews when searching"}],"endTime":1755196295032,"message":"","name":"/Users/david/CascadeProjects/splitspace/src/__tests__/components/property/ReviewManagement.simple.test.tsx","startTime":1755196292695,"status":"passed","summary":""},{"assertionResults":[{"ancestorTitles":["Header"],"duration":148,"failing":false,"failureDetails":[],"failureMessages":[],"fullName":"Header renders logo","invocations":1,"location":null,"numPassingAsserts":1,"retryReasons":[],"startAt":1755196294364,"status":"passed","title":"renders logo"},{"ancestorTitles":["Header"],"duration":11,"failing":false,"failureDetails":[],"failureMessages":[],"fullName":"Header shows login and signup buttons when not authenticated","invocations":1,"location":null,"numPassingAsserts":2,"retryReasons":[],"startAt":1755196294513,"status":"passed","title":"shows login and signup buttons when not authenticated"},{"ancestorTitles":["Header"],"duration":5,"failing":false,"failureDetails":[],"failureMessages":[],"fullName":"Header shows user menu when authenticated","invocations":1,"location":null,"numPassingAsserts":1,"retryReasons":[],"startAt":1755196294524,"status":"passed","title":"shows user menu when authenticated"},{"ancestorTitles":["Header"],"duration":34,"failing":false,"failureDetails":[],"failureMessages":[],"fullName":"Header shows admin link for admin users","invocations":1,"location":null,"numPassingAsserts":1,"retryReasons":[],"startAt":1755196294529,"status":"passed","title":"shows admin link for admin users"},{"ancestorTitles":["Header"],"duration":180,"failing":false,"failureDetails":[],"failureMessages":[],"fullName":"Header calls signOut when clicking logout button","invocations":1,"location":null,"numPassingAsserts":1,"retryReasons":[],"startAt":1755196294563,"status":"passed","title":"calls signOut when clicking logout button"},{"ancestorTitles":["Header"],"duration":28,"failing":false,"failureDetails":[],"failureMessages":[],"fullName":"Header toggles mobile menu when menu button is clicked","invocations":1,"location":null,"numPassingAsserts":1,"retryReasons":[],"startAt":1755196294743,"status":"passed","title":"toggles mobile menu when menu button is clicked"},{"ancestorTitles":["Header"],"duration":9,"failing":false,"failureDetails":[],"failureMessages":[],"fullName":"Header calls checkSessionStatus on mount when user is authenticated","invocations":1,"location":null,"numPassingAsserts":1,"retryReasons":[],"startAt":1755196294771,"status":"passed","title":"calls checkSessionStatus on mount when user is authenticated"},{"ancestorTitles":["Header","Error States"],"duration":10,"failing":false,"failureDetails":[],"failureMessages":[],"fullName":"Header Error States handles scroll events and updates isScrolled state","invocations":1,"location":null,"numPassingAsserts":3,"retryReasons":[],"startAt":1755196294780,"status":"passed","title":"handles scroll events and updates isScrolled state"},{"ancestorTitles":["Header","Error States"],"duration":4,"failing":false,"failureDetails":[],"failureMessages":[],"fullName":"Header Error States calls checkSessionStatus on mount and user interaction when authenticated","invocations":1,"location":null,"numPassingAsserts":2,"retryReasons":[],"startAt":1755196294790,"status":"passed","title":"calls checkSessionStatus on mount and user interaction when authenticated"},{"ancestorTitles":["Header","Error States"],"duration":21,"failing":false,"failureDetails":[],"failureMessages":[],"fullName":"Header Error States handles checkSessionStatus error gracefully","invocations":1,"location":null,"numPassingAsserts":2,"retryReasons":[],"startAt":1755196294794,"status":"passed","title":"handles checkSessionStatus error gracefully"},{"ancestorTitles":["Header","Error States"],"duration":7,"failing":false,"failureDetails":[],"failureMessages":[],"fullName":"Header Error States renders logo with link to home","invocations":1,"location":null,"numPassingAsserts":1,"retryReasons":[],"startAt":1755196294815,"status":"passed","title":"renders logo with link to home"},{"ancestorTitles":["Header","Error States"],"duration":8,"failing":false,"failureDetails":[],"failureMessages":[],"fullName":"Header Error States shows mobile menu when menu button is clicked","invocations":1,"location":null,"numPassingAsserts":3,"retryReasons":[],"startAt":1755196294822,"status":"passed","title":"shows mobile menu when menu button is clicked"},{"ancestorTitles":["Header","Error States"],"duration":3,"failing":false,"failureDetails":[],"failureMessages":[],"fullName":"Header Error States does not call checkSessionStatus on user interaction when not authenticated","invocations":1,"location":null,"numPassingAsserts":1,"retryReasons":[],"startAt":1755196294830,"status":"passed","title":"does not call checkSessionStatus on user interaction when not authenticated"},{"ancestorTitles":["Header","Error States"],"duration":6,"failing":false,"failureDetails":[],"failureMessages":[],"fullName":"Header Error States handles session check error gracefully","invocations":1,"location":null,"numPassingAsserts":1,"retryReasons":[],"startAt":1755196294833,"status":"passed","title":"handles session check error gracefully"},{"ancestorTitles":["Header","Error States"],"duration":128,"failing":false,"failureDetails":[],"failureMessages":[],"fullName":"Header Error States handles sign out failure gracefully","invocations":1,"location":null,"numPassingAsserts":1,"retryReasons":[],"startAt":1755196294839,"status":"passed","title":"handles sign out failure gracefully"},{"ancestorTitles":["Header","Error States"],"duration":26,"failing":false,"failureDetails":[],"failureMessages":[],"fullName":"Header Error States handles missing user data gracefully","invocations":1,"location":null,"numPassingAsserts":2,"retryReasons":[],"startAt":1755196294967,"status":"passed","title":"handles missing user data gracefully"},{"ancestorTitles":["Header","Error States"],"duration":141,"failing":false,"failureDetails":[],"failureMessages":[],"fullName":"Header Error States shows admin link in mobile menu for admin users","invocations":1,"location":null,"numPassingAsserts":3,"retryReasons":[],"startAt":1755196294993,"status":"passed","title":"shows admin link in mobile menu for admin users"}],"endTime":1755196295135,"message":"","name":"/Users/david/CascadeProjects/splitspace/src/__tests__/components/layout/Header.test.tsx","startTime":1755196292689,"status":"passed","summary":""},{"assertionResults":[{"ancestorTitles":["Header Mobile Menu"],"duration":196,"failing":false,"failureDetails":[],"failureMessages":[],"fullName":"Header Mobile Menu shows mobile menu items for authenticated user","invocations":1,"location":null,"numPassingAsserts":5,"retryReasons":[],"startAt":1755196294459,"status":"passed","title":"shows mobile menu items for authenticated user"},{"ancestorTitles":["Header Mobile Menu"],"duration":55,"failing":false,"failureDetails":[],"failureMessages":[],"fullName":"Header Mobile Menu shows admin link for admin users in mobile menu","invocations":1,"location":null,"numPassingAsserts":1,"retryReasons":[],"startAt":1755196294655,"status":"passed","title":"shows admin link for admin users in mobile menu"},{"ancestorTitles":["Header Mobile Menu"],"duration":279,"failing":false,"failureDetails":[],"failureMessages":[],"fullName":"Header Mobile Menu calls signOut when clicking sign out in mobile menu","invocations":1,"location":null,"numPassingAsserts":1,"retryReasons":[],"startAt":1755196294710,"status":"passed","title":"calls signOut when clicking sign out in mobile menu"},{"ancestorTitles":["Header Mobile Menu"],"duration":75,"failing":false,"failureDetails":[],"failureMessages":[],"fullName":"Header Mobile Menu closes mobile menu when clicking a link","invocations":1,"location":null,"numPassingAsserts":1,"retryReasons":[],"startAt":1755196294989,"status":"passed","title":"closes mobile menu when clicking a link"},{"ancestorTitles":["Header Mobile Menu"],"duration":137,"failing":false,"failureDetails":[],"failureMessages":[],"fullName":"Header Mobile Menu shows sign in link when not authenticated","invocations":1,"location":null,"numPassingAsserts":1,"retryReasons":[],"startAt":1755196295082,"status":"passed","title":"shows sign in link when not authenticated"}],"endTime":1755196295220,"message":"","name":"/Users/david/CascadeProjects/splitspace/src/__tests__/components/layout/Header.mobile.test.tsx","startTime":1755196292690,"status":"passed","summary":""},{"assertionResults":[{"ancestorTitles":["Layout"],"duration":119,"failing":false,"failureDetails":[],"failureMessages":[],"fullName":"Layout renders header, main content, and footer","invocations":1,"location":null,"numPassingAsserts":3,"retryReasons":[],"startAt":1755196295322,"status":"passed","title":"renders header, main content, and footer"},{"ancestorTitles":["Layout"],"duration":10,"failing":false,"failureDetails":[],"failureMessages":[],"fullName":"Layout applies custom className to main content","invocations":1,"location":null,"numPassingAsserts":1,"retryReasons":[],"startAt":1755196295441,"status":"passed","title":"applies custom className to main content"},{"ancestorTitles":["Layout"],"duration":4,"failing":false,"failureDetails":[],"failureMessages":[],"fullName":"Layout renders children correctly","invocations":1,"location":null,"numPassingAsserts":2,"retryReasons":[],"startAt":1755196295451,"status":"passed","title":"renders children correctly"}],"endTime":1755196295459,"message":"","name":"/Users/david/CascadeProjects/splitspace/src/__tests__/components/layout/Layout.test.tsx","startTime":1755196295082,"status":"passed","summary":""},{"assertionResults":[{"ancestorTitles":["PropertyCard"],"duration":172,"failing":false,"failureDetails":[],"failureMessages":[],"fullName":"PropertyCard renders property title and basic info","invocations":1,"location":null,"numPassingAsserts":5,"retryReasons":[],"startAt":1755196294751,"status":"passed","title":"renders property title and basic info"},{"ancestorTitles":["PropertyCard"],"duration":196,"failing":false,"failureDetails":[],"failureMessages":[],"fullName":"PropertyCard displays price per day by default","invocations":1,"location":null,"numPassingAsserts":2,"retryReasons":[],"startAt":1755196294924,"status":"passed","title":"displays price per day by default"},{"ancestorTitles":["PropertyCard"],"duration":16,"failing":false,"failureDetails":[],"failureMessages":[],"fullName":"PropertyCard displays discounted weekly rate when applicable","invocations":1,"location":null,"numPassingAsserts":3,"retryReasons":[],"startAt":1755196295121,"status":"passed","title":"displays discounted weekly rate when applicable"},{"ancestorTitles":["PropertyCard"],"duration":36,"failing":false,"failureDetails":[],"failureMessages":[],"fullName":"PropertyCard displays inquire for pricing when enabled","invocations":1,"location":null,"numPassingAsserts":1,"retryReasons":[],"startAt":1755196295137,"status":"passed","title":"displays inquire for pricing when enabled"},{"ancestorTitles":["PropertyCard"],"duration":151,"failing":false,"failureDetails":[],"failureMessages":[],"fullName":"PropertyCard calls onToggleFavorite when favorite button is clicked","invocations":1,"location":null,"numPassingAsserts":1,"retryReasons":[],"startAt":1755196295173,"status":"passed","title":"calls onToggleFavorite when favorite button is clicked"},{"ancestorTitles":["PropertyCard"],"duration":9,"failing":false,"failureDetails":[],"failureMessages":[],"fullName":"PropertyCard displays favorite button as filled when isFavorited is true","invocations":1,"location":null,"numPassingAsserts":1,"retryReasons":[],"startAt":1755196295324,"status":"passed","title":"displays favorite button as filled when isFavorited is true"},{"ancestorTitles":["PropertyCard"],"duration":37,"failing":false,"failureDetails":[],"failureMessages":[],"fullName":"PropertyCard has correct link to property details","invocations":1,"location":null,"numPassingAsserts":1,"retryReasons":[],"startAt":1755196295333,"status":"passed","title":"has correct link to property details"},{"ancestorTitles":["PropertyCard"],"duration":5,"failing":false,"failureDetails":[],"failureMessages":[],"fullName":"PropertyCard displays rating when provided","invocations":1,"location":null,"numPassingAsserts":2,"retryReasons":[],"startAt":1755196295370,"status":"passed","title":"displays rating when provided"},{"ancestorTitles":["PropertyCard"],"duration":18,"failing":false,"failureDetails":[],"failureMessages":[],"fullName":"PropertyCard handles single image without navigation","invocations":1,"location":null,"numPassingAsserts":3,"retryReasons":[],"startAt":1755196295375,"status":"passed","title":"handles single image without navigation"},{"ancestorTitles":["PropertyCard"],"duration":9,"failing":false,"failureDetails":[],"failureMessages":[],"fullName":"PropertyCard shows image indicators for multiple images","invocations":1,"location":null,"numPassingAsserts":2,"retryReasons":[],"startAt":1755196295393,"status":"passed","title":"shows image indicators for multiple images"},{"ancestorTitles":["PropertyCard"],"duration":72,"failing":false,"failureDetails":[],"failureMessages":[],"fullName":"PropertyCard handles empty image array gracefully","invocations":1,"location":null,"numPassingAsserts":1,"retryReasons":[],"startAt":1755196295403,"status":"passed","title":"handles empty image array gracefully"},{"ancestorTitles":["PropertyCard"],"duration":73,"failing":false,"failureDetails":[],"failureMessages":[],"fullName":"PropertyCard renders with minimal required props","invocations":1,"location":null,"numPassingAsserts":3,"retryReasons":[],"startAt":1755196295475,"status":"passed","title":"renders with minimal required props"}],"endTime":1755196295555,"message":"","name":"/Users/david/CascadeProjects/splitspace/src/__tests__/components/property/PropertyCard.new.test.tsx","startTime":1755196292690,"status":"passed","summary":""},{"assertionResults":[{"ancestorTitles":["ReviewManagement"],"duration":177,"failing":false,"failureDetails":[],"failureMessages":[],"fullName":"ReviewManagement renders review management component","invocations":1,"location":null,"numPassingAsserts":1,"retryReasons":[],"startAt":1755196294720,"status":"passed","title":"renders review management component"},{"ancestorTitles":["ReviewManagement"],"duration":619,"failing":false,"failureDetails":[],"failureMessages":[],"fullName":"ReviewManagement allows responding to a review","invocations":1,"location":null,"numPassingAsserts":3,"retryReasons":[],"startAt":1755196294899,"status":"passed","title":"allows responding to a review"},{"ancestorTitles":["ReviewManagement"],"duration":236,"failing":false,"failureDetails":[],"failureMessages":[],"fullName":"ReviewManagement handles API errors gracefully","invocations":1,"location":null,"numPassingAsserts":2,"retryReasons":[],"startAt":1755196295537,"status":"passed","title":"handles API errors gracefully"}],"endTime":1755196295777,"message":"","name":"/Users/david/CascadeProjects/splitspace/src/__tests__/components/property/ReviewManagement.new.test.tsx","startTime":1755196292691,"status":"passed","summary":""},{"assertionResults":[{"ancestorTitles":["Textarea"],"duration":7,"failing":false,"failureDetails":[],"failureMessages":[],"fullName":"Textarea renders with default props","invocations":1,"location":null,"numPassingAsserts":4,"retryReasons":[],"startAt":1755196295272,"status":"passed","title":"renders with default props"},{"ancestorTitles":["Textarea"],"duration":43,"failing":false,"failureDetails":[],"failureMessages":[],"fullName":"Textarea applies custom className","invocations":1,"location":null,"numPassingAsserts":1,"retryReasons":[],"startAt":1755196295279,"status":"passed","title":"applies custom className"},{"ancestorTitles":["Textarea"],"duration":5,"failing":false,"failureDetails":[],"failureMessages":[],"fullName":"Textarea handles value and onChange","invocations":1,"location":null,"numPassingAsserts":1,"retryReasons":[],"startAt":1755196295322,"status":"passed","title":"handles value and onChange"},{"ancestorTitles":["Textarea"],"duration":97,"failing":false,"failureDetails":[],"failureMessages":[],"fullName":"Textarea renders with label","invocations":1,"location":null,"numPassingAsserts":3,"retryReasons":[],"startAt":1755196295327,"status":"passed","title":"renders with label"},{"ancestorTitles":["Textarea"],"duration":21,"failing":false,"failureDetails":[],"failureMessages":[],"fullName":"Textarea shows error state and message","invocations":1,"location":null,"numPassingAsserts":4,"retryReasons":[],"startAt":1755196295428,"status":"passed","title":"shows error state and message"},{"ancestorTitles":["Textarea"],"duration":1,"failing":false,"failureDetails":[],"failureMessages":[],"fullName":"Textarea renders with description","invocations":1,"location":null,"numPassingAsserts":2,"retryReasons":[],"startAt":1755196295449,"status":"passed","title":"renders with description"},{"ancestorTitles":["Textarea"],"duration":42,"failing":false,"failureDetails":[],"failureMessages":[],"fullName":"Textarea applies resize classes correctly","invocations":1,"location":null,"numPassingAsserts":4,"retryReasons":[],"startAt":1755196295450,"status":"passed","title":"applies resize classes correctly"},{"ancestorTitles":["Textarea"],"duration":50,"failing":false,"failureDetails":[],"failureMessages":[],"fullName":"Textarea applies disabled state","invocations":1,"location":null,"numPassingAsserts":3,"retryReasons":[],"startAt":1755196295492,"status":"passed","title":"applies disabled state"},{"ancestorTitles":["Textarea"],"duration":3,"failing":false,"failureDetails":[],"failureMessages":[],"fullName":"Textarea forwards ref","invocations":1,"location":null,"numPassingAsserts":1,"retryReasons":[],"startAt":1755196295543,"status":"passed","title":"forwards ref"},{"ancestorTitles":["Textarea"],"duration":153,"failing":false,"failureDetails":[],"failureMessages":[],"fullName":"Textarea generates unique id when none provided","invocations":1,"location":null,"numPassingAsserts":3,"retryReasons":[],"startAt":1755196295546,"status":"passed","title":"generates unique id when none provided"}],"endTime":1755196295703,"message":"","name":"/Users/david/CascadeProjects/splitspace/src/__tests__/components/Textarea.test.tsx","startTime":1755196294880,"status":"passed","summary":""},{"assertionResults":[{"ancestorTitles":["ReviewManagement"],"duration":218,"failing":false,"failureDetails":[],"failureMessages":[],"fullName":"ReviewManagement renders review management component","invocations":1,"location":null,"numPassingAsserts":0,"retryReasons":[],"startAt":1755196294631,"status":"passed","title":"renders review management component"},{"ancestorTitles":["ReviewManagement"],"duration":63,"failing":false,"failureDetails":[],"failureMessages":[],"fullName":"ReviewManagement displays review statistics","invocations":1,"location":null,"numPassingAsserts":4,"retryReasons":[],"startAt":1755196294850,"status":"passed","title":"displays review statistics"},{"ancestorTitles":["ReviewManagement"],"duration":823,"failing":false,"failureDetails":[],"failureMessages":[],"fullName":"ReviewManagement allows responding to a review","invocations":1,"location":null,"numPassingAsserts":3,"retryReasons":[],"startAt":1755196294913,"status":"passed","title":"allows responding to a review"},{"ancestorTitles":["ReviewManagement"],"duration":128,"failing":false,"failureDetails":[],"failureMessages":[],"fullName":"ReviewManagement handles API errors gracefully","invocations":1,"location":null,"numPassingAsserts":1,"retryReasons":[],"startAt":1755196295737,"status":"passed","title":"handles API errors gracefully"}],"endTime":1755196295870,"message":"","name":"/Users/david/CascadeProjects/splitspace/src/__tests__/components/property/ReviewManagement.fixed.test.tsx","startTime":1755196292690,"status":"passed","summary":""},{"assertionResults":[{"ancestorTitles":["Select"],"duration":39,"failing":false,"failureDetails":[],"failureMessages":[],"fullName":"Select renders with default props","invocations":1,"location":null,"numPassingAsserts":6,"retryReasons":[],"startAt":1755196295403,"status":"passed","title":"renders with default props"},{"ancestorTitles":["Select"],"duration":4,"failing":false,"failureDetails":[],"failureMessages":[],"fullName":"Select applies custom className","invocations":1,"location":null,"numPassingAsserts":1,"retryReasons":[],"startAt":1755196295442,"status":"passed","title":"applies custom className"},{"ancestorTitles":["Select"],"duration":8,"failing":false,"failureDetails":[],"failureMessages":[],"fullName":"Select handles value and onChange","invocations":1,"location":null,"numPassingAsserts":1,"retryReasons":[],"startAt":1755196295446,"status":"passed","title":"handles value and onChange"},{"ancestorTitles":["Select"],"duration":7,"failing":false,"failureDetails":[],"failureMessages":[],"fullName":"Select renders with label","invocations":1,"location":null,"numPassingAsserts":3,"retryReasons":[],"startAt":1755196295454,"status":"passed","title":"renders with label"},{"ancestorTitles":["Select"],"duration":80,"failing":false,"failureDetails":[],"failureMessages":[],"fullName":"Select shows error state and message","invocations":1,"location":null,"numPassingAsserts":4,"retryReasons":[],"startAt":1755196295461,"status":"passed","title":"shows error state and message"},{"ancestorTitles":["Select"],"duration":4,"failing":false,"failureDetails":[],"failureMessages":[],"fullName":"Select renders with description","invocations":1,"location":null,"numPassingAsserts":2,"retryReasons":[],"startAt":1755196295541,"status":"passed","title":"renders with description"},{"ancestorTitles":["Select"],"duration":7,"failing":false,"failureDetails":[],"failureMessages":[],"fullName":"Select applies disabled state","invocations":1,"location":null,"numPassingAsserts":3,"retryReasons":[],"startAt":1755196295545,"status":"passed","title":"applies disabled state"},{"ancestorTitles":["Select"],"duration":148,"failing":false,"failureDetails":[],"failureMessages":[],"fullName":"Select disables individual options","invocations":1,"location":null,"numPassingAsserts":1,"retryReasons":[],"startAt":1755196295552,"status":"passed","title":"disables individual options"},{"ancestorTitles":["Select"],"duration":85,"failing":false,"failureDetails":[],"failureMessages":[],"fullName":"Select forwards ref","invocations":1,"location":null,"numPassingAsserts":1,"retryReasons":[],"startAt":1755196295700,"status":"passed","title":"forwards ref"},{"ancestorTitles":["Select"],"duration":135,"failing":false,"failureDetails":[],"failureMessages":[],"fullName":"Select generates unique id when none provided","invocations":1,"location":null,"numPassingAsserts":3,"retryReasons":[],"startAt":1755196295786,"status":"passed","title":"generates unique id when none provided"}],"endTime":1755196295926,"message":"","name":"/Users/david/CascadeProjects/splitspace/src/__tests__/components/Select.test.tsx","startTime":1755196295191,"status":"passed","summary":""},{"assertionResults":[{"ancestorTitles":["Checkbox"],"duration":27,"failing":false,"failureDetails":[],"failureMessages":[],"fullName":"Checkbox renders with default props","invocations":1,"location":null,"numPassingAsserts":3,"retryReasons":[],"startAt":1755196295417,"status":"passed","title":"renders with default props"},{"ancestorTitles":["Checkbox"],"duration":3,"failing":false,"failureDetails":[],"failureMessages":[],"fullName":"Checkbox applies custom className","invocations":1,"location":null,"numPassingAsserts":1,"retryReasons":[],"startAt":1755196295444,"status":"passed","title":"applies custom className"},{"ancestorTitles":["Checkbox"],"duration":6,"failing":false,"failureDetails":[],"failureMessages":[],"fullName":"Checkbox handles checked state","invocations":1,"location":null,"numPassingAsserts":1,"retryReasons":[],"startAt":1755196295447,"status":"passed","title":"handles checked state"},{"ancestorTitles":["Checkbox"],"duration":242,"failing":false,"failureDetails":[],"failureMessages":[],"fullName":"Checkbox renders with label","invocations":1,"location":null,"numPassingAsserts":2,"retryReasons":[],"startAt":1755196295453,"status":"passed","title":"renders with label"},{"ancestorTitles":["Checkbox"],"duration":169,"failing":false,"failureDetails":[],"failureMessages":[],"fullName":"Checkbox shows error state and message","invocations":1,"location":null,"numPassingAsserts":5,"retryReasons":[],"startAt":1755196295699,"status":"passed","title":"shows error state and message"},{"ancestorTitles":["Checkbox"],"duration":6,"failing":false,"failureDetails":[],"failureMessages":[],"fullName":"Checkbox renders with description","invocations":1,"location":null,"numPassingAsserts":2,"retryReasons":[],"startAt":1755196295868,"status":"passed","title":"renders with description"},{"ancestorTitles":["Checkbox"],"duration":15,"failing":false,"failureDetails":[],"failureMessages":[],"fullName":"Checkbox applies disabled state","invocations":1,"location":null,"numPassingAsserts":3,"retryReasons":[],"startAt":1755196295874,"status":"passed","title":"applies disabled state"},{"ancestorTitles":["Checkbox"],"duration":9,"failing":false,"failureDetails":[],"failureMessages":[],"fullName":"Checkbox sets indeterminate state","invocations":1,"location":null,"numPassingAsserts":1,"retryReasons":[],"startAt":1755196295889,"status":"passed","title":"sets indeterminate state"},{"ancestorTitles":["Checkbox"],"duration":6,"failing":false,"failureDetails":[],"failureMessages":[],"fullName":"Checkbox forwards ref","invocations":1,"location":null,"numPassingAsserts":2,"retryReasons":[],"startAt":1755196295898,"status":"passed","title":"forwards ref"},{"ancestorTitles":["Checkbox"],"duration":14,"failing":false,"failureDetails":[],"failureMessages":[],"fullName":"Checkbox generates unique id when none provided","invocations":1,"location":null,"numPassingAsserts":3,"retryReasons":[],"startAt":1755196295904,"status":"passed","title":"generates unique id when none provided"},{"ancestorTitles":["Checkbox"],"duration":10,"failing":false,"failureDetails":[],"failureMessages":[],"fullName":"Checkbox associates error message with input for screen readers","invocations":1,"location":null,"numPassingAsserts":1,"retryReasons":[],"startAt":1755196295918,"status":"passed","title":"associates error message with input for screen readers"}],"endTime":1755196295933,"message":"","name":"/Users/david/CascadeProjects/splitspace/src/__tests__/components/Checkbox.test.tsx","startTime":1755196295298,"status":"passed","summary":""},{"assertionResults":[{"ancestorTitles":["BookingDetails"],"duration":315,"failing":false,"failureDetails":[],"failureMessages":[],"fullName":"BookingDetails renders booking details correctly","invocations":1,"location":null,"numPassingAsserts":5,"retryReasons":[],"startAt":1755196294711,"status":"passed","title":"renders booking details correctly"},{"ancestorTitles":["BookingDetails"],"duration":16,"failing":false,"failureDetails":[],"failureMessages":[],"fullName":"BookingDetails displays property address","invocations":1,"location":null,"numPassingAsserts":3,"retryReasons":[],"startAt":1755196295026,"status":"passed","title":"displays property address"},{"ancestorTitles":["BookingDetails"],"duration":15,"failing":false,"failureDetails":[],"failureMessages":[],"fullName":"BookingDetails displays contact information","invocations":1,"location":null,"numPassingAsserts":3,"retryReasons":[],"startAt":1755196295042,"status":"passed","title":"displays contact information"},{"ancestorTitles":["BookingDetails"],"duration":216,"failing":false,"failureDetails":[],"failureMessages":[],"fullName":"BookingDetails displays view message thread button when inquiry is available","invocations":1,"location":null,"numPassingAsserts":3,"retryReasons":[],"startAt":1755196295057,"status":"passed","title":"displays view message thread button when inquiry is available"},{"ancestorTitles":["BookingDetails"],"duration":10,"failing":false,"failureDetails":[],"failureMessages":[],"fullName":"BookingDetails shows no associated inquiry message when no inquiry exists","invocations":1,"location":null,"numPassingAsserts":1,"retryReasons":[],"startAt":1755196295273,"status":"passed","title":"shows no associated inquiry message when no inquiry exists"},{"ancestorTitles":["BookingDetails"],"duration":66,"failing":false,"failureDetails":[],"failureMessages":[],"fullName":"BookingDetails shows cancel booking button when booking is cancellable","invocations":1,"location":null,"numPassingAsserts":2,"retryReasons":[],"startAt":1755196295283,"status":"passed","title":"shows cancel booking button when booking is cancellable"},{"ancestorTitles":["BookingDetails"],"duration":529,"failing":false,"failureDetails":[],"failureMessages":[],"fullName":"BookingDetails shows cancel confirmation modal when cancel button is clicked","invocations":1,"location":null,"numPassingAsserts":3,"retryReasons":[],"startAt":1755196295349,"status":"passed","title":"shows cancel confirmation modal when cancel button is clicked"},{"ancestorTitles":["BookingDetails"],"duration":107,"failing":false,"failureDetails":[],"failureMessages":[],"fullName":"BookingDetails displays inquiry details when available","invocations":1,"location":null,"numPassingAsserts":12,"retryReasons":[],"startAt":1755196295880,"status":"passed","title":"displays inquiry details when available"}],"endTime":1755196295991,"message":"","name":"/Users/david/CascadeProjects/splitspace/src/__tests__/components/booking/BookingDetails.test.tsx","startTime":1755196292690,"status":"passed","summary":""},{"assertionResults":[{"ancestorTitles":["Input"],"duration":17,"failing":false,"failureDetails":[],"failureMessages":[],"fullName":"Input renders with default props","invocations":1,"location":null,"numPassingAsserts":5,"retryReasons":[],"startAt":1755196295449,"status":"passed","title":"renders with default props"},{"ancestorTitles":["Input"],"duration":236,"failing":false,"failureDetails":[],"failureMessages":[],"fullName":"Input applies custom className","invocations":1,"location":null,"numPassingAsserts":1,"retryReasons":[],"startAt":1755196295466,"status":"passed","title":"applies custom className"},{"ancestorTitles":["Input"],"duration":38,"failing":false,"failureDetails":[],"failureMessages":[],"fullName":"Input handles value and onChange","invocations":1,"location":null,"numPassingAsserts":1,"retryReasons":[],"startAt":1755196295702,"status":"passed","title":"handles value and onChange"},{"ancestorTitles":["Input"],"duration":11,"failing":false,"failureDetails":[],"failureMessages":[],"fullName":"Input renders with label","invocations":1,"location":null,"numPassingAsserts":3,"retryReasons":[],"startAt":1755196295740,"status":"passed","title":"renders with label"},{"ancestorTitles":["Input"],"duration":11,"failing":false,"failureDetails":[],"failureMessages":[],"fullName":"Input shows error state and message","invocations":1,"location":null,"numPassingAsserts":4,"retryReasons":[],"startAt":1755196295751,"status":"passed","title":"shows error state and message"},{"ancestorTitles":["Input"],"duration":3,"failing":false,"failureDetails":[],"failureMessages":[],"fullName":"Input renders with description","invocations":1,"location":null,"numPassingAsserts":2,"retryReasons":[],"startAt":1755196295762,"status":"passed","title":"renders with description"},{"ancestorTitles":["Input"],"duration":11,"failing":false,"failureDetails":[],"failureMessages":[],"fullName":"Input renders with start icon","invocations":1,"location":null,"numPassingAsserts":2,"retryReasons":[],"startAt":1755196295765,"status":"passed","title":"renders with start icon"},{"ancestorTitles":["Input"],"duration":9,"failing":false,"failureDetails":[],"failureMessages":[],"fullName":"Input renders with end icon","invocations":1,"location":null,"numPassingAsserts":2,"retryReasons":[],"startAt":1755196295776,"status":"passed","title":"renders with end icon"},{"ancestorTitles":["Input"],"duration":42,"failing":false,"failureDetails":[],"failureMessages":[],"fullName":"Input applies disabled state","invocations":1,"location":null,"numPassingAsserts":3,"retryReasons":[],"startAt":1755196295785,"status":"passed","title":"applies disabled state"},{"ancestorTitles":["Input"],"duration":5,"failing":false,"failureDetails":[],"failureMessages":[],"fullName":"Input renders with custom type","invocations":1,"location":null,"numPassingAsserts":1,"retryReasons":[],"startAt":1755196295827,"status":"passed","title":"renders with custom type"},{"ancestorTitles":["Input"],"duration":17,"failing":false,"failureDetails":[],"failureMessages":[],"fullName":"Input handles ref forwarding","invocations":1,"location":null,"numPassingAsserts":2,"retryReasons":[],"startAt":1755196295833,"status":"passed","title":"handles ref forwarding"},{"ancestorTitles":["Input"],"duration":64,"failing":false,"failureDetails":[],"failureMessages":[],"fullName":"Input generates unique id when not provided","invocations":1,"location":null,"numPassingAsserts":3,"retryReasons":[],"startAt":1755196295850,"status":"passed","title":"generates unique id when not provided"},{"ancestorTitles":["Input"],"duration":5,"failing":false,"failureDetails":[],"failureMessages":[],"fullName":"Input applies custom id when provided","invocations":1,"location":null,"numPassingAsserts":1,"retryReasons":[],"startAt":1755196295915,"status":"passed","title":"applies custom id when provided"},{"ancestorTitles":["Input"],"duration":7,"failing":false,"failureDetails":[],"failureMessages":[],"fullName":"Input shows description when there is no error","invocations":1,"location":null,"numPassingAsserts":2,"retryReasons":[],"startAt":1755196295920,"status":"passed","title":"shows description when there is no error"},{"ancestorTitles":["Input"],"duration":54,"failing":false,"failureDetails":[],"failureMessages":[],"fullName":"Input shows error message instead of description when error is true","invocations":1,"location":null,"numPassingAsserts":2,"retryReasons":[],"startAt":1755196295927,"status":"passed","title":"shows error message instead of description when error is true"},{"ancestorTitles":["Input"],"duration":9,"failing":false,"failureDetails":[],"failureMessages":[],"fullName":"Input renders with Lucide icon","invocations":1,"location":null,"numPassingAsserts":3,"retryReasons":[],"startAt":1755196295981,"status":"passed","title":"renders with Lucide icon"},{"ancestorTitles":["Input"],"duration":0,"failing":false,"failureDetails":[],"failureMessages":[],"fullName":"Input applies custom class names","invocations":1,"location":null,"numPassingAsserts":1,"retryReasons":[],"startAt":1755196295990,"status":"passed","title":"applies custom class names"},{"ancestorTitles":["Input"],"duration":7,"failing":false,"failureDetails":[],"failureMessages":[],"fullName":"Input forwards all input props","invocations":1,"location":null,"numPassingAsserts":4,"retryReasons":[],"startAt":1755196295991,"status":"passed","title":"forwards all input props"},{"ancestorTitles":["Input"],"duration":3,"failing":false,"failureDetails":[],"failureMessages":[],"fullName":"Input forwards ref","invocations":1,"location":null,"numPassingAsserts":1,"retryReasons":[],"startAt":1755196295998,"status":"passed","title":"forwards ref"},{"ancestorTitles":["Input"],"duration":19,"failing":false,"failureDetails":[],"failureMessages":[],"fullName":"Input generates unique id when none provided","invocations":1,"location":null,"numPassingAsserts":3,"retryReasons":[],"startAt":1755196296001,"status":"passed","title":"generates unique id when none provided"}],"endTime":1755196296021,"message":"","name":"/Users/david/CascadeProjects/splitspace/src/__tests__/components/Input.test.tsx","startTime":1755196295181,"status":"passed","summary":""},{"assertionResults":[{"ancestorTitles":["HeroSection"],"duration":418,"failing":false,"failureDetails":[],"failureMessages":[],"fullName":"HeroSection renders search form with all elements","invocations":1,"location":null,"numPassingAsserts":2,"retryReasons":[],"startAt":1755196294494,"status":"passed","title":"renders search form with all elements"},{"ancestorTitles":["HeroSection"],"duration":30,"failing":false,"failureDetails":[],"failureMessages":[],"fullName":"HeroSection renders all category navigation buttons","invocations":1,"location":null,"numPassingAsserts":8,"retryReasons":[],"startAt":1755196294916,"status":"passed","title":"renders all category navigation buttons"},{"ancestorTitles":["HeroSection"],"duration":169,"failing":false,"failureDetails":[],"failureMessages":[],"fullName":"HeroSection handles location search","invocations":1,"location":null,"numPassingAsserts":2,"retryReasons":[],"startAt":1755196294946,"status":"passed","title":"handles location search"},{"ancestorTitles":[],"duration":68,"failing":false,"failureDetails":[],"failureMessages":[],"fullName":"handles search form submission with location","invocations":1,"location":null,"numPassingAsserts":6,"retryReasons":[],"startAt":1755196295115,"status":"passed","title":"handles search form submission with location"},{"ancestorTitles":[],"duration":9,"failing":false,"failureDetails":[],"failureMessages":[],"fullName":"handles geolocation success","invocations":1,"location":null,"numPassingAsserts":0,"retryReasons":[],"startAt":1755196295183,"status":"passed","title":"handles geolocation success"},{"ancestorTitles":[],"duration":8,"failing":false,"failureDetails":[],"failureMessages":[],"fullName":"handles geolocation error","invocations":1,"location":null,"numPassingAsserts":2,"retryReasons":[],"startAt":1755196295192,"status":"passed","title":"handles geolocation error"},{"ancestorTitles":[],"duration":255,"failing":false,"failureDetails":[],"failureMessages":[],"fullName":"handles form submission with invalid location","invocations":1,"location":null,"numPassingAsserts":2,"retryReasons":[],"startAt":1755196295200,"status":"passed","title":"handles form submission with invalid location"},{"ancestorTitles":[],"duration":12,"failing":false,"failureDetails":[],"failureMessages":[],"fullName":"category buttons have correct navigation links","invocations":1,"location":null,"numPassingAsserts":4,"retryReasons":[],"startAt":1755196295455,"status":"passed","title":"category buttons have correct navigation links"},{"ancestorTitles":[],"duration":507,"failing":false,"failureDetails":[],"failureMessages":[],"fullName":"submits the search form with valid data","invocations":1,"location":null,"numPassingAsserts":2,"retryReasons":[],"startAt":1755196295467,"status":"passed","title":"submits the search form with valid data"},{"ancestorTitles":[],"duration":57,"failing":false,"failureDetails":[],"failureMessages":[],"fullName":"shows loading state during search","invocations":1,"location":null,"numPassingAsserts":1,"retryReasons":[],"startAt":1755196295974,"status":"passed","title":"shows loading state during search"},{"ancestorTitles":[],"duration":42,"failing":false,"failureDetails":[],"failureMessages":[],"fullName":"handles form submission with search button click","invocations":1,"location":null,"numPassingAsserts":1,"retryReasons":[],"startAt":1755196296031,"status":"passed","title":"handles form submission with search button click"},{"ancestorTitles":[],"duration":61,"failing":false,"failureDetails":[],"failureMessages":[],"fullName":"does not submit empty location","invocations":1,"location":null,"numPassingAsserts":2,"retryReasons":[],"startAt":1755196296073,"status":"passed","title":"does not submit empty location"},{"ancestorTitles":["geolocation"],"duration":12,"failing":false,"failureDetails":[],"failureMessages":[],"fullName":"geolocation handles geolocation error","invocations":1,"location":null,"numPassingAsserts":2,"retryReasons":[],"startAt":1755196296135,"status":"passed","title":"handles geolocation error"},{"ancestorTitles":["geolocation"],"duration":4,"failing":false,"failureDetails":[],"failureMessages":[],"fullName":"geolocation renders correctly with geolocation disabled","invocations":1,"location":null,"numPassingAsserts":1,"retryReasons":[],"startAt":1755196296147,"status":"passed","title":"renders correctly with geolocation disabled"}],"endTime":1755196296160,"message":"","name":"/Users/david/CascadeProjects/splitspace/src/__tests__/components/HeroSection.test.tsx","startTime":1755196292716,"status":"passed","summary":""},{"assertionResults":[{"ancestorTitles":["cn"],"duration":2,"failing":false,"failureDetails":[],"failureMessages":[],"fullName":"cn combines class names with clsx and tailwind-merge","invocations":1,"location":null,"numPassingAsserts":3,"retryReasons":[],"startAt":1755196296151,"status":"passed","title":"combines class names with clsx and tailwind-merge"},{"ancestorTitles":["formatCurrency"],"duration":0,"failing":false,"failureDetails":[],"failureMessages":[],"fullName":"formatCurrency formats USD by default","invocations":1,"location":null,"numPassingAsserts":1,"retryReasons":[],"startAt":1755196296154,"status":"passed","title":"formats USD by default"},{"ancestorTitles":["formatCurrency"],"duration":1,"failing":false,"failureDetails":[],"failureMessages":[],"fullName":"formatCurrency handles zero","invocations":1,"location":null,"numPassingAsserts":1,"retryReasons":[],"startAt":1755196296154,"status":"passed","title":"handles zero"},{"ancestorTitles":["formatDate"],"duration":0,"failing":false,"failureDetails":[],"failureMessages":[],"fullName":"formatDate returns empty string for null/undefined","invocations":1,"location":null,"numPassingAsserts":2,"retryReasons":[],"startAt":1755196296157,"status":"passed","title":"returns empty string for null/undefined"},{"ancestorTitles":["formatDate"],"duration":7,"failing":false,"failureDetails":[],"failureMessages":[],"fullName":"formatDate formats valid date string","invocations":1,"location":null,"numPassingAsserts":2,"retryReasons":[],"startAt":1755196296157,"status":"passed","title":"formats valid date string"},{"ancestorTitles":["calculateDays"],"duration":1,"failing":false,"failureDetails":[],"failureMessages":[],"fullName":"calculateDays calculates days between dates","invocations":1,"location":null,"numPassingAsserts":1,"retryReasons":[],"startAt":1755196296164,"status":"passed","title":"calculates days between dates"},{"ancestorTitles":["calculateDays"],"duration":2,"failing":false,"failureDetails":[],"failureMessages":[],"fullName":"calculateDays returns 1 for same day","invocations":1,"location":null,"numPassingAsserts":1,"retryReasons":[],"startAt":1755196296165,"status":"passed","title":"returns 1 for same day"},{"ancestorTitles":["truncateText"],"duration":0,"failing":false,"failureDetails":[],"failureMessages":[],"fullName":"truncateText truncates long text","invocations":1,"location":null,"numPassingAsserts":1,"retryReasons":[],"startAt":1755196296167,"status":"passed","title":"truncates long text"},{"ancestorTitles":["truncateText"],"duration":0,"failing":false,"failureDetails":[],"failureMessages":[],"fullName":"truncateText keeps short text","invocations":1,"location":null,"numPassingAsserts":1,"retryReasons":[],"startAt":1755196296167,"status":"passed","title":"keeps short text"},{"ancestorTitles":["sqftToSqm"],"duration":0,"failing":false,"failureDetails":[],"failureMessages":[],"fullName":"sqftToSqm converts square feet to square meters","invocations":1,"location":null,"numPassingAsserts":1,"retryReasons":[],"startAt":1755196296168,"status":"passed","title":"converts square feet to square meters"},{"ancestorTitles":["stringToColor"],"duration":0,"failing":false,"failureDetails":[],"failureMessages":[],"fullName":"stringToColor returns a hex color","invocations":1,"location":null,"numPassingAsserts":1,"retryReasons":[],"startAt":1755196296168,"status":"passed","title":"returns a hex color"},{"ancestorTitles":["calculateDistance"],"duration":0,"failing":false,"failureDetails":[],"failureMessages":[],"fullName":"calculateDistance calculates distance between coordinates","invocations":1,"location":null,"numPassingAsserts":2,"retryReasons":[],"startAt":1755196296169,"status":"passed","title":"calculates distance between coordinates"},{"ancestorTitles":["formatDateISO"],"duration":1,"failing":false,"failureDetails":[],"failureMessages":[],"fullName":"formatDateISO returns empty string for null/undefined","invocations":1,"location":null,"numPassingAsserts":2,"retryReasons":[],"startAt":1755196296169,"status":"passed","title":"returns empty string for null/undefined"},{"ancestorTitles":["formatDateISO"],"duration":0,"failing":false,"failureDetails":[],"failureMessages":[],"fullName":"formatDateISO formats valid date string to ISO format (YYYY-MM-DD)","invocations":1,"location":null,"numPassingAsserts":2,"retryReasons":[],"startAt":1755196296170,"status":"passed","title":"formats valid date string to ISO format (YYYY-MM-DD)"},{"ancestorTitles":["formatDateISO"],"duration":0,"failing":false,"failureDetails":[],"failureMessages":[],"fullName":"formatDateISO handles dates with time components","invocations":1,"location":null,"numPassingAsserts":1,"retryReasons":[],"startAt":1755196296170,"status":"passed","title":"handles dates with time components"},{"ancestorTitles":["formatDateISO"],"duration":0,"failing":false,"failureDetails":[],"failureMessages":[],"fullName":"formatDateISO returns empty string for invalid date","invocations":1,"location":null,"numPassingAsserts":1,"retryReasons":[],"startAt":1755196296170,"status":"passed","title":"returns empty string for invalid date"},{"ancestorTitles":["formatShortDate"],"duration":0,"failing":false,"failureDetails":[],"failureMessages":[],"fullName":"formatShortDate formats date in MM/DD/YYYY format","invocations":1,"location":null,"numPassingAsserts":1,"retryReasons":[],"startAt":1755196296170,"status":"passed","title":"formats date in MM/DD/YYYY format"},{"ancestorTitles":["formatShortDate"],"duration":1,"failing":false,"failureDetails":[],"failureMessages":[],"fullName":"formatShortDate handles different date formats","invocations":1,"location":null,"numPassingAsserts":1,"retryReasons":[],"startAt":1755196296170,"status":"passed","title":"handles different date formats"},{"ancestorTitles":["formatShortDate"],"duration":17,"failing":false,"failureDetails":[],"failureMessages":[],"fullName":"formatShortDate throws error for invalid dates","invocations":1,"location":null,"numPassingAsserts":1,"retryReasons":[],"startAt":1755196296171,"status":"passed","title":"throws error for invalid dates"},{"ancestorTitles":["calculateEffectivePrice"],"duration":0,"failing":false,"failureDetails":[],"failureMessages":[],"fullName":"calculateEffectivePrice calculates daily rate correctly","invocations":1,"location":null,"numPassingAsserts":3,"retryReasons":[],"startAt":1755196296188,"status":"passed","title":"calculates daily rate correctly"},{"ancestorTitles":["calculateEffectivePrice"],"duration":0,"failing":false,"failureDetails":[],"failureMessages":[],"fullName":"calculateEffectivePrice applies weekly fixed rate when better","invocations":1,"location":null,"numPassingAsserts":3,"retryReasons":[],"startAt":1755196296188,"status":"passed","title":"applies weekly fixed rate when better"},{"ancestorTitles":["calculateEffectivePrice"],"duration":0,"failing":false,"failureDetails":[],"failureMessages":[],"fullName":"calculateEffectivePrice applies monthly percentage discount when better","invocations":1,"location":null,"numPassingAsserts":2,"retryReasons":[],"startAt":1755196296188,"status":"passed","title":"applies monthly percentage discount when better"},{"ancestorTitles":["calculateEffectivePrice"],"duration":0,"failing":false,"failureDetails":[],"failureMessages":[],"fullName":"calculateEffectivePrice handles year boundary correctly","invocations":1,"location":null,"numPassingAsserts":2,"retryReasons":[],"startAt":1755196296188,"status":"passed","title":"handles year boundary correctly"},{"ancestorTitles":["calculateEffectivePrice"],"duration":0,"failing":false,"failureDetails":[],"failureMessages":[],"fullName":"calculateEffectivePrice handles invalid dates","invocations":1,"location":null,"numPassingAsserts":1,"retryReasons":[],"startAt":1755196296188,"status":"passed","title":"handles invalid dates"}],"endTime":1755196296190,"message":"","name":"/Users/david/CascadeProjects/splitspace/src/__tests__/lib/utils.test.ts","startTime":1755196295911,"status":"passed","summary":""},{"assertionResults":[{"ancestorTitles":["PropertyCard"],"duration":291,"failing":false,"failureDetails":[],"failureMessages":[],"fullName":"PropertyCard renders property title and basic info","invocations":1,"location":null,"numPassingAsserts":7,"retryReasons":[],"startAt":1755196294770,"status":"passed","title":"renders property title and basic info"},{"ancestorTitles":["PropertyCard"],"duration":187,"failing":false,"failureDetails":[],"failureMessages":[],"fullName":"PropertyCard displays property images correctly","invocations":1,"location":null,"numPassingAsserts":4,"retryReasons":[],"startAt":1755196295062,"status":"passed","title":"displays property images correctly"},{"ancestorTitles":["PropertyCard"],"duration":5,"failing":false,"failureDetails":[],"failureMessages":[],"fullName":"PropertyCard shows placeholder when no images are available","invocations":1,"location":null,"numPassingAsserts":3,"retryReasons":[],"startAt":1755196295249,"status":"passed","title":"shows placeholder when no images are available"},{"ancestorTitles":["PropertyCard"],"duration":22,"failing":false,"failureDetails":[],"failureMessages":[],"fullName":"PropertyCard displays price per day by default","invocations":1,"location":null,"numPassingAsserts":2,"retryReasons":[],"startAt":1755196295254,"status":"passed","title":"displays price per day by default"},{"ancestorTitles":["PropertyCard"],"duration":3,"failing":false,"failureDetails":[],"failureMessages":[],"fullName":"PropertyCard shows inquire for pricing when enabled","invocations":1,"location":null,"numPassingAsserts":2,"retryReasons":[],"startAt":1755196295276,"status":"passed","title":"shows inquire for pricing when enabled"},{"ancestorTitles":["PropertyCard"],"duration":9,"failing":false,"failureDetails":[],"failureMessages":[],"fullName":"PropertyCard shows price information correctly","invocations":1,"location":null,"numPassingAsserts":2,"retryReasons":[],"startAt":1755196295279,"status":"passed","title":"shows price information correctly"},{"ancestorTitles":["PropertyCard"],"duration":9,"failing":false,"failureDetails":[],"failureMessages":[],"fullName":"PropertyCard handles discounted price when applicable","invocations":1,"location":null,"numPassingAsserts":2,"retryReasons":[],"startAt":1755196295288,"status":"passed","title":"handles discounted price when applicable"},{"ancestorTitles":["PropertyCard"],"duration":6,"failing":false,"failureDetails":[],"failureMessages":[],"fullName":"PropertyCard displays discounted weekly rate when applicable","invocations":1,"location":null,"numPassingAsserts":1,"retryReasons":[],"startAt":1755196295297,"status":"passed","title":"displays discounted weekly rate when applicable"},{"ancestorTitles":["PropertyCard"],"duration":3,"failing":false,"failureDetails":[],"failureMessages":[],"fullName":"PropertyCard handles missing or incomplete data gracefully","invocations":1,"location":null,"numPassingAsserts":3,"retryReasons":[],"startAt":1755196295303,"status":"passed","title":"handles missing or incomplete data gracefully"},{"ancestorTitles":["PropertyCard"],"duration":2,"failing":false,"failureDetails":[],"failureMessages":[],"fullName":"PropertyCard displays correct property type labels","invocations":1,"location":null,"numPassingAsserts":1,"retryReasons":[],"startAt":1755196295306,"status":"passed","title":"displays correct property type labels"},{"ancestorTitles":["PropertyCard"],"duration":573,"failing":false,"failureDetails":[],"failureMessages":[],"fullName":"PropertyCard toggles favorite state when favorite button is clicked","invocations":1,"location":null,"numPassingAsserts":2,"retryReasons":[],"startAt":1755196295308,"status":"passed","title":"toggles favorite state when favorite button is clicked"},{"ancestorTitles":["PropertyCard"],"duration":180,"failing":false,"failureDetails":[],"failureMessages":[],"fullName":"PropertyCard navigates through image gallery","invocations":1,"location":null,"numPassingAsserts":5,"retryReasons":[],"startAt":1755196295881,"status":"passed","title":"navigates through image gallery"},{"ancestorTitles":["PropertyCard"],"duration":19,"failing":false,"failureDetails":[],"failureMessages":[],"fullName":"PropertyCard shows price information correctly","invocations":1,"location":null,"numPassingAsserts":3,"retryReasons":[],"startAt":1755196296061,"status":"passed","title":"shows price information correctly"},{"ancestorTitles":["PropertyCard"],"duration":3,"failing":false,"failureDetails":[],"failureMessages":[],"fullName":"PropertyCard shows discounted price when applicable","invocations":1,"location":null,"numPassingAsserts":3,"retryReasons":[],"startAt":1755196296080,"status":"passed","title":"shows discounted price when applicable"},{"ancestorTitles":["PropertyCard"],"duration":46,"failing":false,"failureDetails":[],"failureMessages":[],"fullName":"PropertyCard handles mouse navigation for image gallery","invocations":1,"location":null,"numPassingAsserts":5,"retryReasons":[],"startAt":1755196296083,"status":"passed","title":"handles mouse navigation for image gallery"},{"ancestorTitles":["PropertyCard"],"duration":6,"failing":false,"failureDetails":[],"failureMessages":[],"fullName":"PropertyCard displays correctly with minimal property data","invocations":1,"location":null,"numPassingAsserts":4,"retryReasons":[],"startAt":1755196296129,"status":"passed","title":"displays correctly with minimal property data"},{"ancestorTitles":["PropertyCard"],"duration":8,"failing":false,"failureDetails":[],"failureMessages":[],"fullName":"PropertyCard truncates long title and description","invocations":1,"location":null,"numPassingAsserts":3,"retryReasons":[],"startAt":1755196296135,"status":"passed","title":"truncates long title and description"},{"ancestorTitles":["PropertyCard"],"duration":23,"failing":false,"failureDetails":[],"failureMessages":[],"fullName":"PropertyCard calls onToggleFavorite when favorite button is clicked","invocations":1,"location":null,"numPassingAsserts":1,"retryReasons":[],"startAt":1755196296143,"status":"passed","title":"calls onToggleFavorite when favorite button is clicked"},{"ancestorTitles":["PropertyCard"],"duration":11,"failing":false,"failureDetails":[],"failureMessages":[],"fullName":"PropertyCard shows filled heart when isFavorited is true","invocations":1,"location":null,"numPassingAsserts":1,"retryReasons":[],"startAt":1755196296166,"status":"passed","title":"shows filled heart when isFavorited is true"},{"ancestorTitles":["PropertyCard"],"duration":11,"failing":false,"failureDetails":[],"failureMessages":[],"fullName":"PropertyCard navigates to property details when clicked","invocations":1,"location":null,"numPassingAsserts":1,"retryReasons":[],"startAt":1755196296177,"status":"passed","title":"navigates to property details when clicked"}],"endTime":1755196296194,"message":"","name":"/Users/david/CascadeProjects/splitspace/src/__tests__/components/property/PropertyCard.test.tsx","startTime":1755196292702,"status":"passed","summary":""},{"assertionResults":[{"ancestorTitles":["PropertyRating"],"duration":3,"failing":false,"failureDetails":[],"failureMessages":[],"fullName":"PropertyRating renders nothing when rating is 0","invocations":1,"location":null,"numPassingAsserts":1,"retryReasons":[],"startAt":1755196296082,"status":"passed","title":"renders nothing when rating is 0"},{"ancestorTitles":["PropertyRating"],"duration":21,"failing":false,"failureDetails":[],"failureMessages":[],"fullName":"PropertyRating renders rating with default size (md)","invocations":1,"location":null,"numPassingAsserts":2,"retryReasons":[],"startAt":1755196296086,"status":"passed","title":"renders rating with default size (md)"},{"ancestorTitles":["PropertyRating"],"duration":1,"failing":false,"failureDetails":[],"failureMessages":[],"fullName":"PropertyRating renders with small size when size=\"sm\"","invocations":1,"location":null,"numPassingAsserts":2,"retryReasons":[],"startAt":1755196296107,"status":"passed","title":"renders with small size when size=\"sm\""},{"ancestorTitles":["PropertyRating"],"duration":1,"failing":false,"failureDetails":[],"failureMessages":[],"fullName":"PropertyRating renders with large size when size=\"lg\"","invocations":1,"location":null,"numPassingAsserts":2,"retryReasons":[],"startAt":1755196296108,"status":"passed","title":"renders with large size when size=\"lg\""},{"ancestorTitles":["PropertyRating"],"duration":102,"failing":false,"failureDetails":[],"failureMessages":[],"fullName":"PropertyRating shows review count when totalReviews is provided and greater than 0","invocations":1,"location":null,"numPassingAsserts":2,"retryReasons":[],"startAt":1755196296109,"status":"passed","title":"shows review count when totalReviews is provided and greater than 0"},{"ancestorTitles":["PropertyRating"],"duration":2,"failing":false,"failureDetails":[],"failureMessages":[],"fullName":"PropertyRating does not show review count when showCount is false","invocations":1,"location":null,"numPassingAsserts":1,"retryReasons":[],"startAt":1755196296211,"status":"passed","title":"does not show review count when showCount is false"},{"ancestorTitles":["PropertyRating"],"duration":2,"failing":false,"failureDetails":[],"failureMessages":[],"fullName":"PropertyRating does not show review count when totalReviews is 0","invocations":1,"location":null,"numPassingAsserts":1,"retryReasons":[],"startAt":1755196296213,"status":"passed","title":"does not show review count when totalReviews is 0"},{"ancestorTitles":["PropertyRating"],"duration":1,"failing":false,"failureDetails":[],"failureMessages":[],"fullName":"PropertyRating renders correct star color and fill","invocations":1,"location":null,"numPassingAsserts":2,"retryReasons":[],"startAt":1755196296215,"status":"passed","title":"renders correct star color and fill"},{"ancestorTitles":["PropertyRating"],"duration":1,"failing":false,"failureDetails":[],"failureMessages":[],"fullName":"PropertyRating renders correct text color","invocations":1,"location":null,"numPassingAsserts":2,"retryReasons":[],"startAt":1755196296216,"status":"passed","title":"renders correct text color"}],"endTime":1755196296218,"message":"","name":"/Users/david/CascadeProjects/splitspace/src/__tests__/components/property/PropertyRating.test.tsx","startTime":1755196295893,"status":"passed","summary":""},{"assertionResults":[{"ancestorTitles":["PaymentFormWrapper"],"duration":14,"failing":false,"failureDetails":[],"failureMessages":[],"fullName":"PaymentFormWrapper renders payment form with booking details","invocations":1,"location":null,"numPassingAsserts":3,"retryReasons":[],"startAt":1755196296228,"status":"passed","title":"renders payment form with booking details"},{"ancestorTitles":["PaymentFormWrapper"],"duration":4,"failing":false,"failureDetails":[],"failureMessages":[],"fullName":"PaymentFormWrapper handles successful payment","invocations":1,"location":null,"numPassingAsserts":1,"retryReasons":[],"startAt":1755196296242,"status":"passed","title":"handles successful payment"},{"ancestorTitles":["PaymentFormWrapper"],"duration":5,"failing":false,"failureDetails":[],"failureMessages":[],"fullName":"PaymentFormWrapper handles payment errors","invocations":1,"location":null,"numPassingAsserts":1,"retryReasons":[],"startAt":1755196296246,"status":"passed","title":"handles payment errors"}],"endTime":1755196296251,"message":"","name":"/Users/david/CascadeProjects/splitspace/src/__tests__/components/payment/PaymentFormWrapper.enhanced.test.tsx","startTime":1755196296104,"status":"passed","summary":""},{"assertionResults":[{"ancestorTitles":["LoadingSpinner"],"duration":36,"failing":false,"failureDetails":[],"failureMessages":[],"fullName":"LoadingSpinner renders with default props","invocations":1,"location":null,"numPassingAsserts":3,"retryReasons":[],"startAt":1755196296200,"status":"passed","title":"renders with default props"},{"ancestorTitles":["LoadingSpinner"],"duration":8,"failing":false,"failureDetails":[],"failureMessages":[],"fullName":"LoadingSpinner applies custom size class","invocations":1,"location":null,"numPassingAsserts":1,"retryReasons":[],"startAt":1755196296236,"status":"passed","title":"applies custom size class"},{"ancestorTitles":["LoadingSpinner"],"duration":3,"failing":false,"failureDetails":[],"failureMessages":[],"fullName":"LoadingSpinner applies custom className","invocations":1,"location":null,"numPassingAsserts":1,"retryReasons":[],"startAt":1755196296244,"status":"passed","title":"applies custom className"},{"ancestorTitles":["LoadingSpinner"],"duration":4,"failing":false,"failureDetails":[],"failureMessages":[],"fullName":"LoadingSpinner applies custom text","invocations":1,"location":null,"numPassingAsserts":1,"retryReasons":[],"startAt":1755196296247,"status":"passed","title":"applies custom text"},{"ancestorTitles":["LoadingSpinner"],"duration":8,"failing":false,"failureDetails":[],"failureMessages":[],"fullName":"LoadingSpinner hides visible text when text prop is null","invocations":1,"location":null,"numPassingAsserts":3,"retryReasons":[],"startAt":1755196296252,"status":"passed","title":"hides visible text when text prop is null"}],"endTime":1755196296261,"message":"","name":"/Users/david/CascadeProjects/splitspace/src/__tests__/components/LoadingSpinner.test.tsx","startTime":1755196295889,"status":"passed","summary":""},{"assertionResults":[{"ancestorTitles":["ReviewManagement - Minimal Test"],"duration":9,"failing":false,"failureDetails":[],"failureMessages":[],"fullName":"ReviewManagement - Minimal Test renders without crashing","invocations":1,"location":null,"numPassingAsserts":3,"retryReasons":[],"startAt":1755196296284,"status":"passed","title":"renders without crashing"}],"endTime":1755196296293,"message":"","name":"/Users/david/CascadeProjects/splitspace/src/__tests__/components/property/ReviewManagement.minimal.test.tsx","startTime":1755196296109,"status":"passed","summary":""},{"assertionResults":[{"ancestorTitles":["Footer"],"duration":98,"failing":false,"failureDetails":[],"failureMessages":[],"fullName":"Footer renders footer with company links","invocations":1,"location":null,"numPassingAsserts":4,"retryReasons":[],"startAt":1755196296187,"status":"passed","title":"renders footer with company links"},{"ancestorTitles":["Footer"],"duration":9,"failing":false,"failureDetails":[],"failureMessages":[],"fullName":"Footer renders support links","invocations":1,"location":null,"numPassingAsserts":3,"retryReasons":[],"startAt":1755196296285,"status":"passed","title":"renders support links"},{"ancestorTitles":["Footer"],"duration":4,"failing":false,"failureDetails":[],"failureMessages":[],"fullName":"Footer displays current year in copyright","invocations":1,"location":null,"numPassingAsserts":1,"retryReasons":[],"startAt":1755196296294,"status":"passed","title":"displays current year in copyright"}],"endTime":1755196296299,"message":"","name":"/Users/david/CascadeProjects/splitspace/src/__tests__/components/layout/Footer.test.tsx","startTime":1755196295935,"status":"passed","summary":""},{"assertionResults":[{"ancestorTitles":["Card Components","Card"],"duration":11,"failing":false,"failureDetails":[],"failureMessages":[],"fullName":"Card Components Card renders with default classes and custom className","invocations":1,"location":null,"numPassingAsserts":2,"retryReasons":[],"startAt":1755196296269,"status":"passed","title":"renders with default classes and custom className"},{"ancestorTitles":["Card Components","Card"],"duration":1,"failing":false,"failureDetails":[],"failureMessages":[],"fullName":"Card Components Card forwards ref to the div element","invocations":1,"location":null,"numPassingAsserts":2,"retryReasons":[],"startAt":1755196296280,"status":"passed","title":"forwards ref to the div element"},{"ancestorTitles":["Card Components","CardHeader"],"duration":33,"failing":false,"failureDetails":[],"failureMessages":[],"fullName":"Card Components CardHeader renders with default classes and children","invocations":1,"location":null,"numPassingAsserts":2,"retryReasons":[],"startAt":1755196296281,"status":"passed","title":"renders with default classes and children"},{"ancestorTitles":["Card Components","CardTitle"],"duration":2,"failing":false,"failureDetails":[],"failureMessages":[],"fullName":"Card Components CardTitle renders with default classes and content","invocations":1,"location":null,"numPassingAsserts":3,"retryReasons":[],"startAt":1755196296314,"status":"passed","title":"renders with default classes and content"},{"ancestorTitles":["Card Components","CardDescription"],"duration":2,"failing":false,"failureDetails":[],"failureMessages":[],"fullName":"Card Components CardDescription renders with default classes and content","invocations":1,"location":null,"numPassingAsserts":2,"retryReasons":[],"startAt":1755196296316,"status":"passed","title":"renders with default classes and content"},{"ancestorTitles":["Card Components","CardContent"],"duration":3,"failing":false,"failureDetails":[],"failureMessages":[],"fullName":"Card Components CardContent renders with default classes and children","invocations":1,"location":null,"numPassingAsserts":2,"retryReasons":[],"startAt":1755196296318,"status":"passed","title":"renders with default classes and children"},{"ancestorTitles":["Card Components","CardFooter"],"duration":2,"failing":false,"failureDetails":[],"failureMessages":[],"fullName":"Card Components CardFooter renders with default classes and children","invocations":1,"location":null,"numPassingAsserts":2,"retryReasons":[],"startAt":1755196296321,"status":"passed","title":"renders with default classes and children"},{"ancestorTitles":["Card Components"],"duration":2,"failing":false,"failureDetails":[],"failureMessages":[],"fullName":"Card Components composes all card components together correctly","invocations":1,"location":null,"numPassingAsserts":5,"retryReasons":[],"startAt":1755196296323,"status":"passed","title":"composes all card components together correctly"}],"endTime":1755196296325,"message":"","name":"/Users/david/CascadeProjects/splitspace/src/__tests__/components/ui/Card.test.tsx","startTime":1755196295974,"status":"passed","summary":""},{"assertionResults":[{"ancestorTitles":["ErrorBoundary"],"duration":13,"failing":false,"failureDetails":[],"failureMessages":[],"fullName":"ErrorBoundary renders children when there is no error","invocations":1,"location":null,"numPassingAsserts":3,"retryReasons":[],"startAt":1755196296240,"status":"passed","title":"renders children when there is no error"},{"ancestorTitles":["ErrorBoundary"],"duration":85,"failing":false,"failureDetails":[],"failureMessages":[],"fullName":"ErrorBoundary renders fallback when child throws an error","invocations":1,"location":null,"numPassingAsserts":3,"retryReasons":[],"startAt":1755196296253,"status":"passed","title":"renders fallback when child throws an error"},{"ancestorTitles":["ErrorBoundary"],"duration":4,"failing":false,"failureDetails":[],"failureMessages":[],"fullName":"ErrorBoundary renders custom fallback when provided","invocations":1,"location":null,"numPassingAsserts":4,"retryReasons":[],"startAt":1755196296338,"status":"passed","title":"renders custom fallback when provided"},{"ancestorTitles":["ErrorBoundary"],"duration":4,"failing":false,"failureDetails":[],"failureMessages":[],"fullName":"ErrorBoundary calls onError when child throws an error","invocations":1,"location":null,"numPassingAsserts":2,"retryReasons":[],"startAt":1755196296342,"status":"passed","title":"calls onError when child throws an error"}],"endTime":1755196296346,"message":"","name":"/Users/david/CascadeProjects/splitspace/src/__tests__/components/ErrorBoundary.test.tsx","startTime":1755196296003,"status":"passed","summary":""},{"assertionResults":[{"ancestorTitles":[],"duration":1,"failing":false,"failureDetails":[],"failureMessages":[],"fullName":"1 + 1 equals 2","invocations":1,"location":null,"numPassingAsserts":1,"retryReasons":[],"startAt":1755196296349,"status":"passed","title":"1 + 1 equals 2"}],"endTime":1755196296352,"message":"","name":"/Users/david/CascadeProjects/splitspace/src/__tests__/simple.test.tsx","startTime":1755196296297,"status":"passed","summary":""},{"assertionResults":[{"ancestorTitles":["Button"],"duration":45,"failing":false,"failureDetails":[],"failureMessages":[],"fullName":"Button renders with default props","invocations":1,"location":null,"numPassingAsserts":5,"retryReasons":[],"startAt":1755196296171,"status":"passed","title":"renders with default props"},{"ancestorTitles":["Button"],"duration":7,"failing":false,"failureDetails":[],"failureMessages":[],"fullName":"Button applies custom className","invocations":1,"location":null,"numPassingAsserts":1,"retryReasons":[],"startAt":1755196296216,"status":"passed","title":"applies custom className"},{"ancestorTitles":["Button"],"duration":90,"failing":false,"failureDetails":[],"failureMessages":[],"fullName":"Button handles click events","invocations":1,"location":null,"numPassingAsserts":1,"retryReasons":[],"startAt":1755196296223,"status":"passed","title":"handles click events"},{"ancestorTitles":["Button"],"duration":3,"failing":false,"failureDetails":[],"failureMessages":[],"fullName":"Button renders as disabled when disabled prop is true","invocations":1,"location":null,"numPassingAsserts":3,"retryReasons":[],"startAt":1755196296313,"status":"passed","title":"renders as disabled when disabled prop is true"},{"ancestorTitles":["Button"],"duration":11,"failing":false,"failureDetails":[],"failureMessages":[],"fullName":"Button shows loading spinner when isLoading is true","invocations":1,"location":null,"numPassingAsserts":4,"retryReasons":[],"startAt":1755196296316,"status":"passed","title":"shows loading spinner when isLoading is true"},{"ancestorTitles":["Button"],"duration":16,"failing":false,"failureDetails":[],"failureMessages":[],"fullName":"Button applies correct variant classes","invocations":1,"location":null,"numPassingAsserts":10,"retryReasons":[],"startAt":1755196296327,"status":"passed","title":"applies correct variant classes"},{"ancestorTitles":["Button"],"duration":10,"failing":false,"failureDetails":[],"failureMessages":[],"fullName":"Button applies correct size classes","invocations":1,"location":null,"numPassingAsserts":6,"retryReasons":[],"startAt":1755196296343,"status":"passed","title":"applies correct size classes"},{"ancestorTitles":["Button"],"duration":8,"failing":false,"failureDetails":[],"failureMessages":[],"fullName":"Button handles icon prop correctly","invocations":1,"location":null,"numPassingAsserts":2,"retryReasons":[],"startAt":17
[...]
eEffectivePrice"],"duration":0,"failing":false,"failureDetails":[],"failureMessages":[],"fullName":"calculateEffectivePrice applies weekly rate when better","invocations":1,"location":null,"numPassingAsserts":2,"retryReasons":[],"startAt":1755196296395,"status":"passed","title":"applies weekly rate when better"},{"ancestorTitles":["calculateEffectivePrice"],"duration":0,"failing":false,"failureDetails":[],"failureMessages":[],"fullName":"calculateEffectivePrice applies fixed weekly rate","invocations":1,"location":null,"numPassingAsserts":2,"retryReasons":[],"startAt":1755196296395,"status":"passed","title":"applies fixed weekly rate"},{"ancestorTitles":["calculateEffectivePrice"],"duration":0,"failing":false,"failureDetails":[],"failureMessages":[],"fullName":"calculateEffectivePrice applies monthly rate when better","invocations":1,"location":null,"numPassingAsserts":2,"retryReasons":[],"startAt":1755196296395,"status":"passed","title":"applies monthly rate when better"},{"ancestorTitles":["calculateEffectivePrice"],"duration":1,"failing":false,"failureDetails":[],"failureMessages":[],"fullName":"calculateEffectivePrice applies fixed monthly rate","invocations":1,"location":null,"numPassingAsserts":2,"retryReasons":[],"startAt":1755196296395,"status":"passed","title":"applies fixed monthly rate"},{"ancestorTitles":["calculateEffectivePrice"],"duration":0,"failing":false,"failureDetails":[],"failureMessages":[],"fullName":"calculateEffectivePrice applies yearly rate when best","invocations":1,"location":null,"numPassingAsserts":2,"retryReasons":[],"startAt":1755196296396,"status":"passed","title":"applies yearly rate when best"}],"endTime":1755196296396,"message":"","name":"/Users/david/CascadeProjects/splitspace/src/__tests__/lib/additional-utils.test.ts","startTime":1755196296236,"status":"passed","summary":""},{"assertionResults":[{"ancestorTitles":["PaymentForm"],"duration":5,"failing":false,"failureDetails":[],"failureMessages":[],"fullName":"PaymentForm renders payment form with booking details","invocations":1,"location":null,"numPassingAsserts":4,"retryReasons":[],"startAt":1755196296399,"status":"passed","title":"renders payment form with booking details"}],"endTime":1755196296404,"message":"","name":"/Users/david/CascadeProjects/splitspace/src/__tests__/components/payment/PaymentForm.simple.test.tsx","startTime":1755196296318,"status":"passed","summary":""},{"assertionResults":[],"coverage":{},"endTime":1755196296541,"message":"  \u001b[1m● \u001b[22mTest suite failed to run\n\n    SyntaxError: /Users/david/CascadeProjects/splitspace/src/__tests__/components/property/ReviewManagement.test.tsx: Unexpected token, expected \",\" (73:4)\n\n    \u001b[0m \u001b[90m 71 |\u001b[39m       responder\u001b[33m:\u001b[39m {\n     \u001b[90m 72 |\u001b[39m         id\u001b[33m:\u001b[39m \u001b[32m'owner-user'\u001b[39m\u001b[33m,\u001b[39m\n    \u001b[31m\u001b[1m>\u001b[22m\u001b[39m\u001b[90m 73 |\u001b[39m jest\u001b[33m.\u001b[39mmock(\u001b[32m'@supabase/supabase-js'\u001b[39m\u001b[33m,\u001b[39m () \u001b[33m=>\u001b[39m {\n     \u001b[90m    |\u001b[39m     \u001b[31m\u001b[1m^\u001b[22m\u001b[39m\n     \u001b[90m 74 |\u001b[39m   \u001b[36mconst\u001b[39m mockFrom \u001b[33m=\u001b[39m jest\u001b[33m.\u001b[39mfn()\u001b[33m.\u001b[39mmockReturnThis()\u001b[33m;\u001b[39m\n     \u001b[90m 75 |\u001b[39m   \u001b[36mconst\u001b[39m mockSelect \u001b[33m=\u001b[39m jest\u001b[33m.\u001b[39mfn()\u001b[33m.\u001b[39mmockReturnThis()\u001b[33m;\u001b[39m\n     \u001b[90m 76 |\u001b[39m   \u001b[36mconst\u001b[39m mockEq \u001b[33m=\u001b[39m jest\u001b[33m.\u001b[39mfn()\u001b[33m.\u001b[39mmockReturnThis()\u001b[33m;\u001b[39m\u001b[0m\n\n      \u001b[2mat constructor (\u001b[22mnode_modules/@babel/parser/src/parse-error.ts\u001b[2m:95:45)\u001b[22m\n      \u001b[2mat TypeScriptParserMixin.toParseError [as raise] (\u001b[22mnode_modules/@babel/parser/src/tokenizer/index.ts\u001b[2m:1503:19)\u001b[22m\n      \u001b[2mat TypeScriptParserMixin.raise [as unexpected] (\u001b[22mnode_modules/@babel/parser/src/tokenizer/index.ts\u001b[2m:1543:16)\u001b[22m\n      \u001b[2mat TypeScriptParserMixin.unexpected [as expect] (\u001b[22mnode_modules/@babel/parser/src/parser/util.ts\u001b[2m:157:12)\u001b[22m\n      \u001b[2mat TypeScriptParserMixin.expect [as parseObjectLike] (\u001b[22mnode_modules/@babel/parser/src/parser/expression.ts\u001b[2m:2074:14)\u001b[22m\n      \u001b[2mat TypeScriptParserMixin.parseObjectLike (\u001b[22mnode_modules/@babel/parser/src/parser/expression.ts\u001b[2m:1174:21)\u001b[22m\n      \u001b[2mat TypeScriptParserMixin.parseExprAtom (\u001b[22mnode_modules/@babel/parser/src/plugins/jsx/index.ts\u001b[2m:583:22)\u001b[22m\n      \u001b[2mat TypeScriptParserMixin.parseExprAtom [as parseExprSubscripts] (\u001b[22mnode_modules/@babel/parser/src/parser/expression.ts\u001b[2m:734:23)\u001b[22m\n      \u001b[2mat TypeScriptParserMixin.parseExprSubscripts [as parseUpdate] (\u001b[22mnode_modules/@babel/parser/src/parser/expression.ts\u001b[2m:713:21)\u001b[22m\n      \u001b[2mat TypeScriptParserMixin.parseUpdate (\u001b[22mnode_modules/@babel/parser/src/parser/expression.ts\u001b[2m:675:23)\u001b[22m\n      \u001b[2mat TypeScriptParserMixin.parseMaybeUnary (\u001b[22mnode_modules/@babel/parser/src/plugins/typescript/index.ts\u001b[2m:3853:20)\u001b[22m\n      \u001b[2mat TypeScriptParserMixin.parseMaybeUnary [as parseMaybeUnaryOrPrivate] (\u001b[22mnode_modules/@babel/parser/src/parser/expression.ts\u001b[2m:409:14)\u001b[22m\n      \u001b[2mat TypeScriptParserMixin.parseMaybeUnaryOrPrivate [as parseExprOps] (\u001b[22mnode_modules/@babel/parser/src/parser/expression.ts\u001b[2m:421:23)\u001b[22m\n      \u001b[2mat TypeScriptParserMixin.parseExprOps [as parseMaybeConditional] (\u001b[22mnode_modules/@babel/parser/src/parser/expression.ts\u001b[2m:376:23)\u001b[22m\n      \u001b[2mat TypeScriptParserMixin.parseMaybeConditional (\u001b[22mnode_modules/@babel/parser/src/parser/expression.ts\u001b[2m:301:21)\u001b[22m\n      \u001b[2mat TypeScriptParserMixin.parseMaybeAssign (\u001b[22mnode_modules/@babel/parser/src/plugins/typescript/index.ts\u001b[2m:3725:22)\u001b[22m\n      \u001b[2mat parseMaybeAssign (\u001b[22mnode_modules/@babel/parser/src/parser/expression.ts\u001b[2m:257:12)\u001b[22m\n      \u001b[2mat TypeScriptParserMixin.callback [as allowInAnd] (\u001b[22mnode_modules/@babel/parser/src/parser/expression.ts\u001b[2m:3192:12)\u001b[22m\n      \u001b[2mat TypeScriptParserMixin.allowInAnd [as parseMaybeAssignAllowIn] (\u001b[22mnode_modules/@babel/parser/src/parser/expression.ts\u001b[2m:256:17)\u001b[22m\n      \u001b[2mat TypeScriptParserMixin.parseMaybeAssignAllowIn [as parseMaybeAssignAllowInOrVoidPattern] (\u001b[22mnode_modules/@babel/parser/src/parser/expression.ts\u001b[2m:3306:17)\u001b[22m\n      \u001b[2mat TypeScriptParserMixin.parseMaybeAssignAllowInOrVoidPattern [as parseObjectProperty] (\u001b[22mnode_modules/@babel/parser/src/parser/expression.ts\u001b[2m:2315:16)\u001b[22m\n      \u001b[2mat TypeScriptParserMixin.parseObjectProperty (\u001b[22mnode_modules/@babel/parser/src/parser/expression.ts\u001b[2m:2378:12)\u001b[22m\n      \u001b[2mat TypeScriptParserMixin.parseObjPropValue (\u001b[22mnode_modules/@babel/parser/src/plugins/typescript/index.ts\u001b[2m:3636:20)\u001b[22m\n      \u001b[2mat TypeScriptParserMixin.parseObjPropValue [as parsePropertyDefinition] (\u001b[22mnode_modules/@babel/parser/src/parser/expression.ts\u001b[2m:2218:17)\u001b[22m\n      \u001b[2mat TypeScriptParserMixin.parsePropertyDefinition [as parseObjectLike] (\u001b[22mnode_modules/@babel/parser/src/parser/expression.ts\u001b[2m:2085:21)\u001b[22m\n      \u001b[2mat TypeScriptParserMixin.parseObjectLike (\u001b[22mnode_modules/@babel/parser/src/parser/expression.ts\u001b[2m:1174:21)\u001b[22m\n      \u001b[2mat TypeScriptParserMixin.parseExprAtom (\u001b[22mnode_modules/@babel/parser/src/plugins/jsx/index.ts\u001b[2m:583:22)\u001b[22m\n      \u001b[2mat TypeScriptParserMixin.parseExprAtom [as parseExprSubscripts] (\u001b[22mnode_modules/@babel/parser/src/parser/expression.ts\u001b[2m:734:23)\u001b[22m\n      \u001b[2mat TypeScriptParserMixin.parseExprSubscripts [as parseUpdate] (\u001b[22mnode_modules/@babel/parser/src/parser/expression.ts\u001b[2m:713:21)\u001b[22m\n      \u001b[2mat TypeScriptParserMixin.parseUpdate (\u001b[22mnode_modules/@babel/parser/src/parser/expression.ts\u001b[2m:675:23)\u001b[22m\n      \u001b[2mat TypeScriptParserMixin.parseMaybeUnary (\u001b[22mnode_modules/@babel/parser/src/plugins/typescript/index.ts\u001b[2m:3853:20)\u001b[22m\n      \u001b[2mat TypeScriptParserMixin.parseMaybeUnary [as parseMaybeUnaryOrPrivate] (\u001b[22mnode_modules/@babel/parser/src/parser/expression.ts\u001b[2m:409:14)\u001b[22m\n      \u001b[2mat TypeScriptParserMixin.parseMaybeUnaryOrPrivate [as parseExprOps] (\u001b[22mnode_modules/@babel/parser/src/parser/expression.ts\u001b[2m:421:23)\u001b[22m\n      \u001b[2mat TypeScriptParserMixin.parseExprOps [as parseMaybeConditional] (\u001b[22mnode_modules/@babel/parser/src/parser/expression.ts\u001b[2m:376:23)\u001b[22m\n      \u001b[2mat TypeScriptParserMixin.parseMaybeConditional (\u001b[22mnode_modules/@babel/parser/src/parser/expression.ts\u001b[2m:301:21)\u001b[22m\n      \u001b[2mat TypeScriptParserMixin.parseMaybeAssign (\u001b[22mnode_modules/@babel/parser/src/plugins/typescript/index.ts\u001b[2m:3725:22)\u001b[22m\n      \u001b[2mat parseMaybeAssign (\u001b[22mnode_modules/@babel/parser/src/parser/expression.ts\u001b[2m:257:12)\u001b[22m\n      \u001b[2mat TypeScriptParserMixin.callback [as allowInAnd] (\u001b[22mnode_modules/@babel/parser/src/parser/expression.ts\u001b[2m:3192:12)\u001b[22m\n      \u001b[2mat TypeScriptParserMixin.allowInAnd [as parseMaybeAssignAllowIn] (\u001b[22mnode_modules/@babel/parser/src/parser/expression.ts\u001b[2m:256:17)\u001b[22m\n      \u001b[2mat TypeScriptParserMixin.parseMaybeAssignAllowIn [as parseMaybeAssignAllowInOrVoidPattern] (\u001b[22mnode_modules/@babel/parser/src/parser/expression.ts\u001b[2m:3306:17)\u001b[22m\n      \u001b[2mat TypeScriptParserMixin.parseMaybeAssignAllowInOrVoidPattern [as parseExprListItem] (\u001b[22mnode_modules/@babel/parser/src/parser/expression.ts\u001b[2m:2788:18)\u001b[22m\n      \u001b[2mat TypeScriptParserMixin.parseExprListItem [as parseExprList] (\u001b[22mnode_modules/@babel/parser/src/parser/expression.ts\u001b[2m:2732:22)\u001b[22m\n      \u001b[2mat TypeScriptParserMixin.parseExprList (\u001b[22mnode_modules/@babel/parser/src/parser/expression.ts\u001b[2m:2506:26)\u001b[22m\n      \u001b[2mat TypeScriptParserMixin.parseArrayLike (\u001b[22mnode_modules/@babel/parser/src/plugins/typescript/index.ts\u001b[2m:2685:26)\u001b[22m\n      \u001b[2mat TypeScriptParserMixin.parseArrayLike (\u001b[22mnode_modules/@babel/parser/src/parser/expression.ts\u001b[2m:1166:21)\u001b[22m\n      \u001b[2mat TypeScriptParserMixin.parseExprAtom (\u001b[22mnode_modules/@babel/parser/src/plugins/jsx/index.ts\u001b[2m:583:22)\u001b[22m\n      \u001b[2mat TypeScriptParserMixin.parseExprAtom [as parseExprSubscripts] (\u001b[22mnode_modules/@babel/parser/src/parser/expression.ts\u001b[2m:734:23)\u001b[22m\n      \u001b[2mat TypeScriptParserMixin.parseExprSubscripts [as parseUpdate] (\u001b[22mnode_modules/@babel/parser/src/parser/expression.ts\u001b[2m:713:21)\u001b[22m\n      \u001b[2mat TypeScriptParserMixin.parseUpdate (\u001b[22mnode_modules/@babel/parser/src/parser/expression.ts\u001b[2m:675:23)\u001b[22m\n      \u001b[2mat TypeScriptParserMixin.parseMaybeUnary (\u001b[22mnode_modules/@babel/parser/src/plugins/typescript/index.ts\u001b[2m:3853:20)\u001b[22m\n      \u001b[2mat TypeScriptParserMixin.parseMaybeUnary [as parseMaybeUnaryOrPrivate] (\u001b[22mnode_modules/@babel/parser/src/parser/expression.ts\u001b[2m:409:14)\u001b[22m\n      \u001b[2mat TypeScriptParserMixin.parseMaybeUnaryOrPrivate [as parseExprOps] (\u001b[22mnode_modules/@babel/parser/src/parser/expression.ts\u001b[2m:421:23)\u001b[22m\n      \u001b[2mat TypeScriptParserMixin.parseExprOps [as parseMaybeConditional] (\u001b[22mnode_modules/@babel/parser/src/parser/expression.ts\u001b[2m:376:23)\u001b[22m\n      \u001b[2mat TypeScriptParserMixin.parseMaybeConditional (\u001b[22mnode_modules/@babel/parser/src/parser/expression.ts\u001b[2m:301:21)\u001b[22m\n      \u001b[2mat TypeScriptParserMixin.parseMaybeAssign (\u001b[22mnode_modules/@babel/parser/src/plugins/typescript/index.ts\u001b[2m:3725:22)\u001b[22m\n      \u001b[2mat parseMaybeAssign (\u001b[22mnode_modules/@babel/parser/src/parser/expression.ts\u001b[2m:257:12)\u001b[22m\n      \u001b[2mat TypeScriptParserMixin.callback [as allowInAnd] (\u001b[22mnode_modules/@babel/parser/src/parser/expression.ts\u001b[2m:3192:12)\u001b[22m\n      \u001b[2mat TypeScriptParserMixin.allowInAnd [as parseMaybeAssignAllowIn] (\u001b[22mnode_modules/@babel/parser/src/parser/expression.ts\u001b[2m:256:17)\u001b[22m\n      \u001b[2mat TypeScriptParserMixin.parseMaybeAssignAllowIn [as parseMaybeAssignAllowInOrVoidPattern] (\u001b[22mnode_modules/@babel/parser/src/parser/expression.ts\u001b[2m:3306:17)\u001b[22m\n      \u001b[2mat TypeScriptParserMixin.parseMaybeAssignAllowInOrVoidPattern [as parseObjectProperty] (\u001b[22mnode_modules/@babel/parser/src/parser/expression.ts\u001b[2m:2315:16)\u001b[22m\n      \u001b[2mat TypeScriptParserMixin.parseObjectProperty (\u001b[22mnode_modules/@babel/parser/src/parser/expression.ts\u001b[2m:2378:12)\u001b[22m\n      \u001b[2mat TypeScriptParserMixin.parseObjPropValue (\u001b[22mnode_modules/@babel/parser/src/plugins/typescript/index.ts\u001b[2m:3636:20)\u001b[22m\n      \u001b[2mat TypeScriptParserMixin.parseObjPropValue [as parsePropertyDefinition] (\u001b[22mnode_modules/@babel/parser/src/parser/expression.ts\u001b[2m:2218:17)\u001b[22m\n      \u001b[2mat TypeScriptParserMixin.parsePropertyDefinition [as parseObjectLike] (\u001b[22mnode_modules/@babel/parser/src/parser/expression.ts\u001b[2m:2085:21)\u001b[22m\n      \u001b[2mat TypeScriptParserMixin.parseObjectLike (\u001b[22mnode_modules/@babel/parser/src/parser/expression.ts\u001b[2m:1174:21)\u001b[22m\n      \u001b[2mat TypeScriptParserMixin.parseExprAtom (\u001b[22mnode_modules/@babel/parser/src/plugins/jsx/index.ts\u001b[2m:583:22)\u001b[22m\n      \u001b[2mat TypeScriptParserMixin.parseExprAtom [as parseExprSubscripts] (\u001b[22mnode_modules/@babel/parser/src/parser/expression.ts\u001b[2m:734:23)\u001b[22m\n      \u001b[2mat TypeScriptParserMixin.parseExprSubscripts [as parseUpdate] (\u001b[22mnode_modules/@babel/parser/src/parser/expression.ts\u001b[2m:713:21)\u001b[22m\n      \u001b[2mat TypeScriptParserMixin.parseUpdate (\u001b[22mnode_modules/@babel/parser/src/parser/expression.ts\u001b[2m:675:23)\u001b[22m\n      \u001b[2mat TypeScriptParserMixin.parseMaybeUnary (\u001b[22mnode_modules/@babel/parser/src/plugins/typescript/index.ts\u001b[2m:3853:20)\u001b[22m\n      \u001b[2mat TypeScriptParserMixin.parseMaybeUnary [as parseMaybeUnaryOrPrivate] (\u001b[22mnode_modules/@babel/parser/src/parser/expression.ts\u001b[2m:409:14)\u001b[22m\n      \u001b[2mat TypeScriptParserMixin.parseMaybeUnaryOrPrivate [as parseExprOps] (\u001b[22mnode_modules/@babel/parser/src/parser/expression.ts\u001b[2m:421:23)\u001b[22m\n      \u001b[2mat TypeScriptParserMixin.parseExprOps [as parseMaybeConditional] (\u001b[22mnode_modules/@babel/parser/src/parser/expression.ts\u001b[2m:376:23)\u001b[22m\n      \u001b[2mat TypeScriptParserMixin.parseMaybeConditional (\u001b[22mnode_modules/@babel/parser/src/parser/expression.ts\u001b[2m:301:21)\u001b[22m\n      \u001b[2mat TypeScriptParserMixin.parseMaybeAssign (\u001b[22mnode_modules/@babel/parser/src/plugins/typescript/index.ts\u001b[2m:3725:22)\u001b[22m\n      \u001b[2mat parseMaybeAssign (\u001b[22mnode_modules/@babel/parser/src/parser/expression.ts\u001b[2m:257:12)\u001b[22m\n      \u001b[2mat TypeScriptParserMixin.callback [as allowInAnd] (\u001b[22mnode_modules/@babel/parser/src/parser/expression.ts\u001b[2m:3192:12)\u001b[22m\n      \u001b[2mat TypeScriptParserMixin.allowInAnd [as parseMaybeAssignAllowIn] (\u001b[22mnode_modules/@babel/parser/src/parser/expression.ts\u001b[2m:256:17)\u001b[22m\n      \u001b[2mat TypeScriptParserMixin.parseMaybeAssignAllowIn [as parseMaybeAssignAllowInOrVoidPattern] (\u001b[22mnode_modules/@babel/parser/src/parser/expression.ts\u001b[2m:3306:17)\u001b[22m\n      \u001b[2mat TypeScriptParserMixin.parseMaybeAssignAllowInOrVoidPattern [as parseExprListItem] (\u001b[22mnode_modules/@babel/parser/src/parser/expression.ts\u001b[2m:2788:18)\u001b[22m\n      \u001b[2mat TypeScriptParserMixin.parseExprListItem [as parseExprList] (\u001b[22mnode_modules/@babel/parser/src/parser/expression.ts\u001b[2m:2732:22)\u001b[22m\n      \u001b[2mat TypeScriptParserMixin.parseExprList (\u001b[22mnode_modules/@babel/parser/src/parser/expression.ts\u001b[2m:2506:26)\u001b[22m\n      \u001b[2mat TypeScriptParserMixin.parseArrayLike (\u001b[22mnode_modules/@babel/parser/src/plugins/typescript/index.ts\u001b[2m:2685:26)\u001b[22m\n      \u001b[2mat TypeScriptParserMixin.parseArrayLike (\u001b[22mnode_modules/@babel/parser/src/parser/expression.ts\u001b[2m:1166:21)\u001b[22m\n      \u001b[2mat TypeScriptParserMixin.parseExprAtom (\u001b[22mnode_modules/@babel/parser/src/plugins/jsx/index.ts\u001b[2m:583:22)\u001b[22m\n      \u001b[2mat TypeScriptParserMixin.parseExprAtom [as parseExprSubscripts] (\u001b[22mnode_modules/@babel/parser/src/parser/expression.ts\u001b[2m:734:23)\u001b[22m\n      \u001b[2mat TypeScriptParserMixin.parseExprSubscripts [as parseUpdate] (\u001b[22mnode_modules/@babel/parser/src/parser/expression.ts\u001b[2m:713:21)\u001b[22m\n      \u001b[2mat TypeScriptParserMixin.parseUpdate (\u001b[22mnode_modules/@babel/parser/src/parser/expression.ts\u001b[2m:675:23)\u001b[22m\n      \u001b[2mat TypeScriptParserMixin.parseMaybeUnary (\u001b[22mnode_modules/@babel/parser/src/plugins/typescript/index.ts\u001b[2m:3853:20)\u001b[22m\n      \u001b[2mat TypeScriptParserMixin.parseMaybeUnary [as parseMaybeUnaryOrPrivate] (\u001b[22mnode_modules/@babel/parser/src/parser/expression.ts\u001b[2m:409:14)\u001b[22m\n      \u001b[2mat TypeScriptParserMixin.parseMaybeUnaryOrPrivate [as parseExprOps] (\u001b[22mnode_modules/@babel/parser/src/parser/expression.ts\u001b[2m:421:23)\u001b[22m\n      \u001b[2mat TypeScriptParserMixin.parseExprOps [as parseMaybeConditional] (\u001b[22mnode_modules/@babel/parser/src/parser/expression.ts\u001b[2m:376:23)\u001b[22m\n      \u001b[2mat TypeScriptParserMixin.parseMaybeConditional (\u001b[22mnode_modules/@babel/parser/src/parser/expression.ts\u001b[2m:301:21)\u001b[22m\n      \u001b[2mat TypeScriptParserMixin.parseMaybeAssign (\u001b[22mnode_modules/@babel/parser/src/plugins/typescript/index.ts\u001b[2m:3725:22)\u001b[22m\n      \u001b[2mat parseMaybeAssign (\u001b[22mnode_modules/@babel/parser/src/parser/expression.ts\u001b[2m:257:12)\u001b[22m\n      \u001b[2mat TypeScriptParserMixin.callback [as allowInAnd] (\u001b[22mnode_modules/@babel/parser/src/parser/expression.ts\u001b[2m:3187:16)\u001b[22m\n      \u001b[2mat TypeScriptParserMixin.allowInAnd [as parseMaybeAssignAllowIn] (\u001b[22mnode_modules/@babel/parser/src/parser/expression.ts\u001b[2m:256:17)\u001b[22m\n      \u001b[2mat TypeScriptParserMixin.parseMaybeAssignAllowIn [as parseVar] (\u001b[22mnode_modules/@babel/parser/src/parser/statement.ts\u001b[2m:1582:18)\u001b[22m\n      \u001b[2mat TypeScriptParserMixin.parseVar (\u001b[22mnode_modules/@babel/parser/src/parser/statement.ts\u001b[2m:1246:10)\u001b[22m\n      \u001b[2mat TypeScriptParserMixin.parseVarStatement (\u001b[22mnode_modules/@babel/parser/src/plugins/typescript/index.ts\u001b[2m:3124:33)\u001b[22m\n","name":"/Users/david/CascadeProjects/splitspace/src/__tests__/components/property/ReviewManagement.test.tsx","startTime":1755196296541,"status":"failed","summary":""}],"wasInterrupted":false}
