{"/Users/david/CascadeProjects/splitspace/src/components/home/HeroSection.tsx": {"path":"/Users/david/CascadeProjects/splitspace/src/components/home/HeroSection.tsx","statementMap":{"0":{"start":{"line":8,"column":30},"end":{"line":155,"column":1}},"1":{"start":{"line":9,"column":19},"end":{"line":9,"column":32}},"2":{"start":{"line":10,"column":34},"end":{"line":10,"column":46}},"3":{"start":{"line":11,"column":36},"end":{"line":11,"column":48}},"4":{"start":{"line":12,"column":32},"end":{"line":12,"column":44}},"5":{"start":{"line":13,"column":32},"end":{"line":13,"column":47}},"6":{"start":{"line":14,"column":42},"end":{"line":14,"column":93}},"7":{"start":{"line":15,"column":40},"end":{"line":15,"column":55}},"8":{"start":{"line":16,"column":34},"end":{"line":16,"column":63}},"9":{"start":{"line":19,"column":2},"end":{"line":38,"column":9}},"10":{"start":{"line":20,"column":4},"end":{"line":37,"column":5}},"11":{"start":{"line":21,"column":6},"end":{"line":21,"column":27}},"12":{"start":{"line":22,"column":6},"end":{"line":36,"column":8}},"13":{"start":{"line":24,"column":10},"end":{"line":27,"column":13}},"14":{"start":{"line":28,"column":10},"end":{"line":28,"column":32}},"15":{"start":{"line":31,"column":10},"end":{"line":31,"column":53}},"16":{"start":{"line":32,"column":10},"end":{"line":32,"column":37}},"17":{"start":{"line":33,"column":10},"end":{"line":33,"column":32}},"18":{"start":{"line":40,"column":23},"end":{"line":60,"column":3}},"19":{"start":{"line":41,"column":4},"end":{"line":41,"column":21}},"20":{"start":{"line":42,"column":4},"end":{"line":59,"column":5}},"21":{"start":{"line":43,"column":26},"end":{"line":43,"column":56}},"22":{"start":{"line":44,"column":6},"end":{"line":54,"column":7}},"23":{"start":{"line":45,"column":27},"end":{"line":45,"column":38}},"24":{"start":{"line":46,"column":29},"end":{"line":52,"column":10}},"25":{"start":{"line":53,"column":8},"end":{"line":53,"column":59}},"26":{"start":{"line":56,"column":6},"end":{"line":56,"column":44}},"27":{"start":{"line":58,"column":6},"end":{"line":58,"column":24}},"28":{"start":{"line":62,"column":2},"end":{"line":154,"column":4}},"29":{"start":{"line":82,"column":35},"end":{"line":82,"column":62}}},"fnMap":{"0":{"name":"(anonymous_0)","decl":{"start":{"line":8,"column":30},"end":{"line":8,"column":31}},"loc":{"start":{"line":8,"column":36},"end":{"line":155,"column":1}},"line":8},"1":{"name":"(anonymous_1)","decl":{"start":{"line":19,"column":12},"end":{"line":19,"column":13}},"loc":{"start":{"line":19,"column":18},"end":{"line":38,"column":3}},"line":19},"2":{"name":"(anonymous_2)","decl":{"start":{"line":23,"column":8},"end":{"line":23,"column":9}},"loc":{"start":{"line":23,"column":22},"end":{"line":29,"column":9}},"line":23},"3":{"name":"(anonymous_3)","decl":{"start":{"line":30,"column":8},"end":{"line":30,"column":9}},"loc":{"start":{"line":30,"column":19},"end":{"line":34,"column":9}},"line":30},"4":{"name":"(anonymous_4)","decl":{"start":{"line":40,"column":23},"end":{"line":40,"column":24}},"loc":{"start":{"line":40,"column":35},"end":{"line":60,"column":3}},"line":40},"5":{"name":"(anonymous_5)","decl":{"start":{"line":82,"column":28},"end":{"line":82,"column":29}},"loc":{"start":{"line":82,"column":35},"end":{"line":82,"column":62}},"line":82}},"branchMap":{"0":{"loc":{"start":{"line":20,"column":4},"end":{"line":37,"column":5}},"type":"if","locations":[{"start":{"line":20,"column":4},"end":{"line":37,"column":5}},{"start":{},"end":{}}],"line":20},"1":{"loc":{"start":{"line":44,"column":6},"end":{"line":54,"column":7}},"type":"if","locations":[{"start":{"line":44,"column":6},"end":{"line":54,"column":7}},{"start":{},"end":{}}],"line":44},"2":{"loc":{"start":{"line":50,"column":14},"end":{"line":50,"column":52}},"type":"binary-expr","locations":[{"start":{"line":50,"column":14},"end":{"line":50,"column":23}},{"start":{"line":50,"column":27},"end":{"line":50,"column":52}}],"line":50},"3":{"loc":{"start":{"line":51,"column":14},"end":{"line":51,"column":46}},"type":"binary-expr","locations":[{"start":{"line":51,"column":14},"end":{"line":51,"column":21}},{"start":{"line":51,"column":25},"end":{"line":51,"column":46}}],"line":51}},"s":{"0":1,"1":55,"2":55,"3":54,"4":54,"5":54,"6":54,"7":54,"8":54,"9":54,"10":13,"11":12,"12":12,"13":1,"14":1,"15":2,"16":2,"17":2,"18":54,"19":5,"20":5,"21":5,"22":3,"23":3,"24":3,"25":3,"26":1,"27":4,"28":54,"29":19},"f":{"0":55,"1":13,"2":1,"3":2,"4":5,"5":19},"b":{"0":[12,1],"1":[3,0],"2":[3,0],"3":[3,0]},"_coverageSchema":"1a1c01bbd47fc00a2c39e90264f33305004495a9","hash":"794381f6f0f845513bc56f296df2af9b6bc5bbad"}
}
