TN:
SF:src/components/home/HeroSection.tsx
FN:8,(anonymous_0)
FN:19,(anonymous_1)
FN:23,(anonymous_2)
FN:30,(anonymous_3)
FN:40,(anonymous_4)
FN:82,(anonymous_5)
FNF:6
FNH:6
FNDA:55,(anonymous_0)
FNDA:13,(anonymous_1)
FNDA:1,(anonymous_2)
FNDA:2,(anonymous_3)
FNDA:5,(anonymous_4)
FNDA:19,(anonymous_5)
DA:8,1
DA:9,55
DA:10,55
DA:11,54
DA:12,54
DA:13,54
DA:14,54
DA:15,54
DA:16,54
DA:19,54
DA:20,13
DA:21,12
DA:22,12
DA:24,1
DA:28,1
DA:31,2
DA:32,2
DA:33,2
DA:40,54
DA:41,5
DA:42,5
DA:43,5
DA:44,3
DA:45,3
DA:46,3
DA:53,3
DA:56,1
DA:58,4
DA:62,54
DA:82,19
LF:30
LH:30
BRDA:20,0,0,12
BRDA:20,0,1,1
BRDA:44,1,0,3
BRDA:44,1,1,0
BRDA:50,2,0,3
BRDA:50,2,1,0
BRDA:51,3,0,3
BRDA:51,3,1,0
BRF:8
BRH:5
end_of_record
